::1 - - [26/May/2021:12:03:07 +0000] "GET / HTTP/1.1" 200 3256 "-" "Mozilla/5.0 (Linux; Android 8.0.0; Pixel 2 XL Build/OPD1.170816.004) AppleWebKit/537.36 (KHTML, like Gecko) Chrome/89.0.4389.114 Mobile Safari/537.36"
::1 - - [26/May/2021:12:03:07 +0000] "GET /static/css/main.88bf6a68.chunk.css HTTP/1.1" 200 163950 "-" "Mozilla/5.0 (Linux; Android 8.0.0; Pixel 2 XL Build/OPD1.170816.004) AppleWebKit/537.36 (KHTML, like Gecko) Chrome/89.0.4389.114 Mobile Safari/537.36"
::1 - - [26/May/2021:12:03:07 +0000] "GET /static/js/main.521daf82.chunk.js HTTP/1.1" 200 68672 "-" "Mozilla/5.0 (Linux; Android 8.0.0; Pixel 2 XL Build/OPD1.170816.004) AppleWebKit/537.36 (KHTML, like Gecko) Chrome/89.0.4389.114 Mobile Safari/537.36"
::1 - - [26/May/2021:12:03:07 +0000] "GET /static/js/2.c5e55fcf.chunk.js HTTP/1.1" 200 380458 "-" "Mozilla/5.0 (Linux; Android 8.0.0; Pixel 2 XL Build/OPD1.170816.004) AppleWebKit/537.36 (KHTML, like Gecko) Chrome/89.0.4389.114 Mobile Safari/537.36"
::1 - - [26/May/2021:12:03:08 +0000] "GET /static/css/main.88bf6a68.chunk.css.map HTTP/1.1" 200 391592 "-" "Mozilla/5.0 (X11; Linux x86_64) AppleWebKit/537.36 (KHTML, like Gecko) Chrome/89.0.4389.114 Safari/537.36"
::1 - - [26/May/2021:12:03:08 +0000] "GET /manifest.json HTTP/1.1" 200 492 "-" "Mozilla/5.0 (Linux; Android 8.0.0; Pixel 2 XL Build/OPD1.170816.004) AppleWebKit/537.36 (KHTML, like Gecko) Chrome/89.0.4389.114 Mobile Safari/537.36"
::1 - - [26/May/2021:12:03:08 +0000] "GET /favicon.ico HTTP/1.1" 200 3870 "-" "Mozilla/5.0 (Linux; Android 8.0.0; Pixel 2 XL Build/OPD1.170816.004) AppleWebKit/537.36 (KHTML, like Gecko) Chrome/89.0.4389.114 Mobile Safari/537.36"
::1 - - [26/May/2021:12:03:08 +0000] "GET /logo192.png HTTP/1.1" 200 5347 "-" "Mozilla/5.0 (Linux; Android 8.0.0; Pixel 2 XL Build/OPD1.170816.004) AppleWebKit/537.36 (KHTML, like Gecko) Chrome/89.0.4389.114 Mobile Safari/537.36"
::1 - - [26/May/2021:12:04:33 +0000] "GET / HTTP/1.1" 200 3256 "-" "Mozilla/5.0 (Linux; Android 8.0.0; Pixel 2 XL Build/OPD1.170816.004) AppleWebKit/537.36 (KHTML, like Gecko) Chrome/89.0.4389.114 Mobile Safari/537.36"
::1 - - [26/May/2021:12:04:33 +0000] "GET /static/js/main.521daf82.chunk.js HTTP/1.1" 200 68672 "-" "Mozilla/5.0 (Linux; Android 8.0.0; Pixel 2 XL Build/OPD1.170816.004) AppleWebKit/537.36 (KHTML, like Gecko) Chrome/89.0.4389.114 Mobile Safari/537.36"
::1 - - [26/May/2021:12:04:33 +0000] "GET /static/css/main.88bf6a68.chunk.css HTTP/1.1" 200 163950 "-" "Mozilla/5.0 (Linux; Android 8.0.0; Pixel 2 XL Build/OPD1.170816.004) AppleWebKit/537.36 (KHTML, like Gecko) Chrome/89.0.4389.114 Mobile Safari/537.36"
::1 - - [26/May/2021:12:04:33 +0000] "GET /static/js/2.c5e55fcf.chunk.js HTTP/1.1" 200 380458 "-" "Mozilla/5.0 (Linux; Android 8.0.0; Pixel 2 XL Build/OPD1.170816.004) AppleWebKit/537.36 (KHTML, like Gecko) Chrome/89.0.4389.114 Mobile Safari/537.36"
::1 - - [26/May/2021:12:04:33 +0000] "GET /static/css/main.88bf6a68.chunk.css.map HTTP/1.1" 200 391592 "-" "Mozilla/5.0 (X11; Linux x86_64) AppleWebKit/537.36 (KHTML, like Gecko) Chrome/89.0.4389.114 Safari/537.36"
::1 - - [26/May/2021:12:04:33 +0000] "GET /manifest.json HTTP/1.1" 200 492 "-" "Mozilla/5.0 (Linux; Android 8.0.0; Pixel 2 XL Build/OPD1.170816.004) AppleWebKit/537.36 (KHTML, like Gecko) Chrome/89.0.4389.114 Mobile Safari/537.36"
::1 - - [26/May/2021:12:04:33 +0000] "GET /favicon.ico HTTP/1.1" 200 3870 "-" "Mozilla/5.0 (Linux; Android 8.0.0; Pixel 2 XL Build/OPD1.170816.004) AppleWebKit/537.36 (KHTML, like Gecko) Chrome/89.0.4389.114 Mobile Safari/537.36"
::1 - - [26/May/2021:12:04:33 +0000] "GET /logo192.png HTTP/1.1" 200 5347 "-" "Mozilla/5.0 (Linux; Android 8.0.0; Pixel 2 XL Build/OPD1.170816.004) AppleWebKit/537.36 (KHTML, like Gecko) Chrome/89.0.4389.114 Mobile Safari/537.36"
::1 - - [26/May/2021:12:06:24 +0000] "GET / HTTP/1.1" 404 210 "-" "Mozilla/5.0 (Linux; Android 8.0.0; Pixel 2 XL Build/OPD1.170816.004) AppleWebKit/537.36 (KHTML, like Gecko) Chrome/89.0.4389.114 Mobile Safari/537.36"
::1 - - [26/May/2021:12:06:52 +0000] "GET / HTTP/1.1" 200 3256 "-" "Mozilla/5.0 (Linux; Android 8.0.0; Pixel 2 XL Build/OPD1.170816.004) AppleWebKit/537.36 (KHTML, like Gecko) Chrome/89.0.4389.114 Mobile Safari/537.36"
::1 - - [26/May/2021:12:06:52 +0000] "GET /static/css/main.88bf6a68.chunk.css HTTP/1.1" 200 3256 "-" "Mozilla/5.0 (Linux; Android 8.0.0; Pixel 2 XL Build/OPD1.170816.004) AppleWebKit/537.36 (KHTML, like Gecko) Chrome/89.0.4389.114 Mobile Safari/537.36"
::1 - - [26/May/2021:12:06:52 +0000] "GET /static/js/2.c5e55fcf.chunk.js HTTP/1.1" 200 3256 "-" "Mozilla/5.0 (Linux; Android 8.0.0; Pixel 2 XL Build/OPD1.170816.004) AppleWebKit/537.36 (KHTML, like Gecko) Chrome/89.0.4389.114 Mobile Safari/537.36"
::1 - - [26/May/2021:12:06:52 +0000] "GET /static/js/main.521daf82.chunk.js HTTP/1.1" 200 3256 "-" "Mozilla/5.0 (Linux; Android 8.0.0; Pixel 2 XL Build/OPD1.170816.004) AppleWebKit/537.36 (KHTML, like Gecko) Chrome/89.0.4389.114 Mobile Safari/537.36"
::1 - - [26/May/2021:12:06:52 +0000] "GET /manifest.json HTTP/1.1" 200 3256 "-" "Mozilla/5.0 (Linux; Android 8.0.0; Pixel 2 XL Build/OPD1.170816.004) AppleWebKit/537.36 (KHTML, like Gecko) Chrome/89.0.4389.114 Mobile Safari/537.36"
::1 - - [26/May/2021:12:06:52 +0000] "GET /favicon.ico HTTP/1.1" 200 3256 "-" "Mozilla/5.0 (Linux; Android 8.0.0; Pixel 2 XL Build/OPD1.170816.004) AppleWebKit/537.36 (KHTML, like Gecko) Chrome/89.0.4389.114 Mobile Safari/537.36"
::1 - - [26/May/2021:12:07:21 +0000] "GET / HTTP/1.1" 200 3256 "-" "Mozilla/5.0 (Linux; Android 8.0.0; Pixel 2 XL Build/OPD1.170816.004) AppleWebKit/537.36 (KHTML, like Gecko) Chrome/89.0.4389.114 Mobile Safari/537.36"
::1 - - [26/May/2021:12:07:21 +0000] "GET /static/css/main.88bf6a68.chunk.css HTTP/1.1" 200 163950 "-" "Mozilla/5.0 (Linux; Android 8.0.0; Pixel 2 XL Build/OPD1.170816.004) AppleWebKit/537.36 (KHTML, like Gecko) Chrome/89.0.4389.114 Mobile Safari/537.36"
::1 - - [26/May/2021:12:07:21 +0000] "GET /static/js/main.521daf82.chunk.js HTTP/1.1" 200 68672 "-" "Mozilla/5.0 (Linux; Android 8.0.0; Pixel 2 XL Build/OPD1.170816.004) AppleWebKit/537.36 (KHTML, like Gecko) Chrome/89.0.4389.114 Mobile Safari/537.36"
::1 - - [26/May/2021:12:07:21 +0000] "GET /static/js/2.c5e55fcf.chunk.js HTTP/1.1" 200 380458 "-" "Mozilla/5.0 (Linux; Android 8.0.0; Pixel 2 XL Build/OPD1.170816.004) AppleWebKit/537.36 (KHTML, like Gecko) Chrome/89.0.4389.114 Mobile Safari/537.36"
::1 - - [26/May/2021:12:07:21 +0000] "GET /static/css/main.88bf6a68.chunk.css.map HTTP/1.1" 200 391592 "-" "Mozilla/5.0 (X11; Linux x86_64) AppleWebKit/537.36 (KHTML, like Gecko) Chrome/89.0.4389.114 Safari/537.36"
::1 - - [26/May/2021:12:07:21 +0000] "GET /manifest.json HTTP/1.1" 200 492 "-" "Mozilla/5.0 (Linux; Android 8.0.0; Pixel 2 XL Build/OPD1.170816.004) AppleWebKit/537.36 (KHTML, like Gecko) Chrome/89.0.4389.114 Mobile Safari/537.36"
::1 - - [26/May/2021:12:07:21 +0000] "GET /favicon.ico HTTP/1.1" 200 3870 "-" "Mozilla/5.0 (Linux; Android 8.0.0; Pixel 2 XL Build/OPD1.170816.004) AppleWebKit/537.36 (KHTML, like Gecko) Chrome/89.0.4389.114 Mobile Safari/537.36"
::1 - - [26/May/2021:12:07:21 +0000] "GET /logo192.png HTTP/1.1" 200 5347 "-" "Mozilla/5.0 (Linux; Android 8.0.0; Pixel 2 XL Build/OPD1.170816.004) AppleWebKit/537.36 (KHTML, like Gecko) Chrome/89.0.4389.114 Mobile Safari/537.36"
::1 - - [26/May/2021:12:11:13 +0000] "GET / HTTP/1.1" 200 3256 "-" "Mozilla/5.0 (Linux; Android 8.0.0; Pixel 2 XL Build/OPD1.170816.004) AppleWebKit/537.36 (KHTML, like Gecko) Chrome/89.0.4389.114 Mobile Safari/537.36"
::1 - - [26/May/2021:12:11:13 +0000] "GET /static/css/main.88bf6a68.chunk.css HTTP/1.1" 200 163950 "-" "Mozilla/5.0 (Linux; Android 8.0.0; Pixel 2 XL Build/OPD1.170816.004) AppleWebKit/537.36 (KHTML, like Gecko) Chrome/89.0.4389.114 Mobile Safari/537.36"
::1 - - [26/May/2021:12:11:13 +0000] "GET /static/js/main.521daf82.chunk.js HTTP/1.1" 200 68672 "-" "Mozilla/5.0 (Linux; Android 8.0.0; Pixel 2 XL Build/OPD1.170816.004) AppleWebKit/537.36 (KHTML, like Gecko) Chrome/89.0.4389.114 Mobile Safari/537.36"
::1 - - [26/May/2021:12:11:13 +0000] "GET /static/js/2.c5e55fcf.chunk.js HTTP/1.1" 200 380458 "-" "Mozilla/5.0 (Linux; Android 8.0.0; Pixel 2 XL Build/OPD1.170816.004) AppleWebKit/537.36 (KHTML, like Gecko) Chrome/89.0.4389.114 Mobile Safari/537.36"
::1 - - [26/May/2021:12:11:13 +0000] "GET /static/css/main.88bf6a68.chunk.css.map HTTP/1.1" 200 391592 "-" "Mozilla/5.0 (X11; Linux x86_64) AppleWebKit/537.36 (KHTML, like Gecko) Chrome/89.0.4389.114 Safari/537.36"
::1 - - [26/May/2021:12:11:13 +0000] "GET /manifest.json HTTP/1.1" 200 492 "-" "Mozilla/5.0 (Linux; Android 8.0.0; Pixel 2 XL Build/OPD1.170816.004) AppleWebKit/537.36 (KHTML, like Gecko) Chrome/89.0.4389.114 Mobile Safari/537.36"
::1 - - [26/May/2021:12:11:13 +0000] "GET /favicon.ico HTTP/1.1" 200 3870 "-" "Mozilla/5.0 (Linux; Android 8.0.0; Pixel 2 XL Build/OPD1.170816.004) AppleWebKit/537.36 (KHTML, like Gecko) Chrome/89.0.4389.114 Mobile Safari/537.36"
::1 - - [26/May/2021:12:11:13 +0000] "GET /logo192.png HTTP/1.1" 200 5347 "-" "Mozilla/5.0 (Linux; Android 8.0.0; Pixel 2 XL Build/OPD1.170816.004) AppleWebKit/537.36 (KHTML, like Gecko) Chrome/89.0.4389.114 Mobile Safari/537.36"
::1 - - [26/May/2021:12:11:17 +0000] "GET / HTTP/1.1" 304 - "-" "Mozilla/5.0 (X11; Linux x86_64) AppleWebKit/537.36 (KHTML, like Gecko) Chrome/89.0.4389.114 Safari/537.36"
::1 - - [26/May/2021:12:11:17 +0000] "GET /static/css/main.88bf6a68.chunk.css HTTP/1.1" 304 - "-" "Mozilla/5.0 (X11; Linux x86_64) AppleWebKit/537.36 (KHTML, like Gecko) Chrome/89.0.4389.114 Safari/537.36"
::1 - - [26/May/2021:12:11:17 +0000] "GET /static/js/2.c5e55fcf.chunk.js HTTP/1.1" 304 - "-" "Mozilla/5.0 (X11; Linux x86_64) AppleWebKit/537.36 (KHTML, like Gecko) Chrome/89.0.4389.114 Safari/537.36"
::1 - - [26/May/2021:12:11:17 +0000] "GET /static/js/main.521daf82.chunk.js HTTP/1.1" 304 - "-" "Mozilla/5.0 (X11; Linux x86_64) AppleWebKit/537.36 (KHTML, like Gecko) Chrome/89.0.4389.114 Safari/537.36"
::1 - - [26/May/2021:12:11:17 +0000] "GET /manifest.json HTTP/1.1" 304 - "-" "Mozilla/5.0 (X11; Linux x86_64) AppleWebKit/537.36 (KHTML, like Gecko) Chrome/89.0.4389.114 Safari/537.36"
::1 - - [26/May/2021:12:11:17 +0000] "GET /favicon.ico HTTP/1.1" 200 3870 "-" "Mozilla/5.0 (X11; Linux x86_64) AppleWebKit/537.36 (KHTML, like Gecko) Chrome/89.0.4389.114 Safari/537.36"
::1 - - [26/May/2021:12:11:17 +0000] "GET /logo192.png HTTP/1.1" 304 - "-" "Mozilla/5.0 (X11; Linux x86_64) AppleWebKit/537.36 (KHTML, like Gecko) Chrome/89.0.4389.114 Safari/537.36"
::1 - - [26/May/2021:12:15:05 +0000] "GET / HTTP/1.1" 200 993 "-" "Mozilla/5.0 (X11; Linux x86_64) AppleWebKit/537.36 (KHTML, like Gecko) Chrome/89.0.4389.114 Safari/537.36"
::1 - - [26/May/2021:12:15:05 +0000] "GET /static/js/runtime-main.0cb527ab.js HTTP/1.1" 200 2358 "-" "Mozilla/5.0 (X11; Linux x86_64) AppleWebKit/537.36 (KHTML, like Gecko) Chrome/89.0.4389.114 Safari/537.36"
::1 - - [26/May/2021:12:15:05 +0000] "GET /static/css/main.88bf6a68.chunk.css HTTP/1.1" 200 163950 "-" "Mozilla/5.0 (X11; Linux x86_64) AppleWebKit/537.36 (KHTML, like Gecko) Chrome/89.0.4389.114 Safari/537.36"
::1 - - [26/May/2021:12:15:05 +0000] "GET /static/js/main.521daf82.chunk.js HTTP/1.1" 200 68672 "-" "Mozilla/5.0 (X11; Linux x86_64) AppleWebKit/537.36 (KHTML, like Gecko) Chrome/89.0.4389.114 Safari/537.36"
::1 - - [26/May/2021:12:15:05 +0000] "GET /static/js/2.c5e55fcf.chunk.js HTTP/1.1" 200 380458 "-" "Mozilla/5.0 (X11; Linux x86_64) AppleWebKit/537.36 (KHTML, like Gecko) Chrome/89.0.4389.114 Safari/537.36"
::1 - - [26/May/2021:12:15:06 +0000] "GET /manifest.json HTTP/1.1" 200 492 "-" "Mozilla/5.0 (X11; Linux x86_64) AppleWebKit/537.36 (KHTML, like Gecko) Chrome/89.0.4389.114 Safari/537.36"
::1 - - [26/May/2021:12:15:06 +0000] "GET /favicon.ico HTTP/1.1" 200 3870 "-" "Mozilla/5.0 (X11; Linux x86_64) AppleWebKit/537.36 (KHTML, like Gecko) Chrome/89.0.4389.114 Safari/537.36"
::1 - - [26/May/2021:12:15:06 +0000] "GET /logo192.png HTTP/1.1" 200 5347 "-" "Mozilla/5.0 (X11; Linux x86_64) AppleWebKit/537.36 (KHTML, like Gecko) Chrome/89.0.4389.114 Safari/537.36"
::1 - - [26/May/2021:12:15:06 +0000] "GET /api/products?keyword= HTTP/1.1" 304 - "-" "Mozilla/5.0 (X11; Linux x86_64) AppleWebKit/537.36 (KHTML, like Gecko) Chrome/89.0.4389.114 Safari/537.36"
::1 - - [26/May/2021:12:15:15 +0000] "GET /static/css/main.88bf6a68.chunk.css HTTP/1.1" 304 - "-" "Mozilla/5.0 (X11; Linux x86_64) AppleWebKit/537.36 (KHTML, like Gecko) Chrome/89.0.4389.114 Safari/537.36"
::1 - - [26/May/2021:12:15:15 +0000] "GET /manifest.json HTTP/1.1" 304 - "-" "Mozilla/5.0 (X11; Linux x86_64) AppleWebKit/537.36 (KHTML, like Gecko) Chrome/89.0.4389.114 Safari/537.36"
::1 - - [26/May/2021:12:15:15 +0000] "GET /static/css/main.88bf6a68.chunk.css.map HTTP/1.1" 200 391592 "-" "Mozilla/5.0 (X11; Linux x86_64) AppleWebKit/537.36 (KHTML, like Gecko) Chrome/89.0.4389.114 Safari/537.36"
::1 - - [26/May/2021:12:18:21 +0000] "GET / HTTP/1.1" 200 993 "-" "Mozilla/5.0 (Linux; Android 8.0.0; Pixel 2 XL Build/OPD1.170816.004) AppleWebKit/537.36 (KHTML, like Gecko) Chrome/89.0.4389.114 Mobile Safari/537.36"
::1 - - [26/May/2021:12:18:21 +0000] "GET /static/js/runtime-main.0cb527ab.js HTTP/1.1" 200 2358 "-" "Mozilla/5.0 (Linux; Android 8.0.0; Pixel 2 XL Build/OPD1.170816.004) AppleWebKit/537.36 (KHTML, like Gecko) Chrome/89.0.4389.114 Mobile Safari/537.36"
::1 - - [26/May/2021:12:18:21 +0000] "GET /static/css/main.88bf6a68.chunk.css HTTP/1.1" 200 163950 "-" "Mozilla/5.0 (Linux; Android 8.0.0; Pixel 2 XL Build/OPD1.170816.004) AppleWebKit/537.36 (KHTML, like Gecko) Chrome/89.0.4389.114 Mobile Safari/537.36"
::1 - - [26/May/2021:12:18:21 +0000] "GET /static/js/main.521daf82.chunk.js HTTP/1.1" 200 68672 "-" "Mozilla/5.0 (Linux; Android 8.0.0; Pixel 2 XL Build/OPD1.170816.004) AppleWebKit/537.36 (KHTML, like Gecko) Chrome/89.0.4389.114 Mobile Safari/537.36"
::1 - - [26/May/2021:12:18:21 +0000] "GET /static/js/2.c5e55fcf.chunk.js HTTP/1.1" 200 380458 "-" "Mozilla/5.0 (Linux; Android 8.0.0; Pixel 2 XL Build/OPD1.170816.004) AppleWebKit/537.36 (KHTML, like Gecko) Chrome/89.0.4389.114 Mobile Safari/537.36"
::1 - - [26/May/2021:12:18:21 +0000] "GET /static/css/main.88bf6a68.chunk.css.map HTTP/1.1" 200 391592 "-" "Mozilla/5.0 (X11; Linux x86_64) AppleWebKit/537.36 (KHTML, like Gecko) Chrome/89.0.4389.114 Safari/537.36"
::1 - - [26/May/2021:12:18:21 +0000] "GET /manifest.json HTTP/1.1" 200 492 "-" "Mozilla/5.0 (Linux; Android 8.0.0; Pixel 2 XL Build/OPD1.170816.004) AppleWebKit/537.36 (KHTML, like Gecko) Chrome/89.0.4389.114 Mobile Safari/537.36"
::1 - - [26/May/2021:12:18:21 +0000] "GET /favicon.ico HTTP/1.1" 200 3870 "-" "Mozilla/5.0 (Linux; Android 8.0.0; Pixel 2 XL Build/OPD1.170816.004) AppleWebKit/537.36 (KHTML, like Gecko) Chrome/89.0.4389.114 Mobile Safari/537.36"
::1 - - [26/May/2021:12:18:21 +0000] "GET /logo192.png HTTP/1.1" 200 5347 "-" "Mozilla/5.0 (Linux; Android 8.0.0; Pixel 2 XL Build/OPD1.170816.004) AppleWebKit/537.36 (KHTML, like Gecko) Chrome/89.0.4389.114 Mobile Safari/537.36"
::1 - - [26/May/2021:12:18:22 +0000] "GET /api/products?keyword= HTTP/1.1" 200 3479 "-" "Mozilla/5.0 (Linux; Android 8.0.0; Pixel 2 XL Build/OPD1.170816.004) AppleWebKit/537.36 (KHTML, like Gecko) Chrome/89.0.4389.114 Mobile Safari/537.36"
::1 - - [26/May/2021:12:18:25 +0000] "GET /static/css/main.88bf6a68.chunk.css HTTP/1.1" 304 - "-" "Mozilla/5.0 (X11; Linux x86_64) AppleWebKit/537.36 (KHTML, like Gecko) Chrome/89.0.4389.114 Safari/537.36"
::1 - - [26/May/2021:12:18:25 +0000] "GET /manifest.json HTTP/1.1" 304 - "-" "Mozilla/5.0 (X11; Linux x86_64) AppleWebKit/537.36 (KHTML, like Gecko) Chrome/89.0.4389.114 Safari/537.36"
::1 - - [26/May/2021:12:18:26 +0000] "GET /static/css/main.88bf6a68.chunk.css.map HTTP/1.1" 200 391592 "-" "Mozilla/5.0 (X11; Linux x86_64) AppleWebKit/537.36 (KHTML, like Gecko) Chrome/89.0.4389.114 Safari/537.36"
::1 - - [26/May/2021:12:18:28 +0000] "GET / HTTP/1.1" 200 993 "-" "Mozilla/5.0 (Linux; Android 8.0.0; Pixel 2 XL Build/OPD1.170816.004) AppleWebKit/537.36 (KHTML, like Gecko) Chrome/89.0.4389.114 Mobile Safari/537.36"
::1 - - [26/May/2021:12:18:28 +0000] "GET /static/css/main.88bf6a68.chunk.css HTTP/1.1" 200 163950 "-" "Mozilla/5.0 (Linux; Android 8.0.0; Pixel 2 XL Build/OPD1.170816.004) AppleWebKit/537.36 (KHTML, like Gecko) Chrome/89.0.4389.114 Mobile Safari/537.36"
::1 - - [26/May/2021:12:18:28 +0000] "GET /static/js/runtime-main.0cb527ab.js HTTP/1.1" 200 2358 "-" "Mozilla/5.0 (Linux; Android 8.0.0; Pixel 2 XL Build/OPD1.170816.004) AppleWebKit/537.36 (KHTML, like Gecko) Chrome/89.0.4389.114 Mobile Safari/537.36"
::1 - - [26/May/2021:12:18:28 +0000] "GET /static/js/main.521daf82.chunk.js HTTP/1.1" 200 68672 "-" "Mozilla/5.0 (Linux; Android 8.0.0; Pixel 2 XL Build/OPD1.170816.004) AppleWebKit/537.36 (KHTML, like Gecko) Chrome/89.0.4389.114 Mobile Safari/537.36"
::1 - - [26/May/2021:12:18:28 +0000] "GET /static/js/2.c5e55fcf.chunk.js HTTP/1.1" 200 380458 "-" "Mozilla/5.0 (Linux; Android 8.0.0; Pixel 2 XL Build/OPD1.170816.004) AppleWebKit/537.36 (KHTML, like Gecko) Chrome/89.0.4389.114 Mobile Safari/537.36"
::1 - - [26/May/2021:12:18:28 +0000] "GET /static/css/main.88bf6a68.chunk.css.map HTTP/1.1" 200 391592 "-" "Mozilla/5.0 (X11; Linux x86_64) AppleWebKit/537.36 (KHTML, like Gecko) Chrome/89.0.4389.114 Safari/537.36"
::1 - - [26/May/2021:12:18:28 +0000] "GET /manifest.json HTTP/1.1" 200 492 "-" "Mozilla/5.0 (Linux; Android 8.0.0; Pixel 2 XL Build/OPD1.170816.004) AppleWebKit/537.36 (KHTML, like Gecko) Chrome/89.0.4389.114 Mobile Safari/537.36"
::1 - - [26/May/2021:12:18:28 +0000] "GET /favicon.ico HTTP/1.1" 200 3870 "-" "Mozilla/5.0 (Linux; Android 8.0.0; Pixel 2 XL Build/OPD1.170816.004) AppleWebKit/537.36 (KHTML, like Gecko) Chrome/89.0.4389.114 Mobile Safari/537.36"
::1 - - [26/May/2021:12:18:28 +0000] "GET /logo192.png HTTP/1.1" 200 5347 "-" "Mozilla/5.0 (Linux; Android 8.0.0; Pixel 2 XL Build/OPD1.170816.004) AppleWebKit/537.36 (KHTML, like Gecko) Chrome/89.0.4389.114 Mobile Safari/537.36"
::1 - - [26/May/2021:12:18:28 +0000] "GET /api/products?keyword= HTTP/1.1" 200 3479 "-" "Mozilla/5.0 (Linux; Android 8.0.0; Pixel 2 XL Build/OPD1.170816.004) AppleWebKit/537.36 (KHTML, like Gecko) Chrome/89.0.4389.114 Mobile Safari/537.36"
::1 - - [26/May/2021:12:19:12 +0000] "GET /api/products?keyword= HTTP/1.1" 304 - "-" "Mozilla/5.0 (X11; Linux x86_64) AppleWebKit/537.36 (KHTML, like Gecko) Chrome/89.0.4389.114 Safari/537.36"
::1 - - [26/May/2021:12:19:16 +0000] "GET /api/products/605ad7c3953fc11b4510fef2 HTTP/1.1" 304 - "-" "Mozilla/5.0 (X11; Linux x86_64) AppleWebKit/537.36 (KHTML, like Gecko) Chrome/89.0.4389.114 Safari/537.36"
::1 - - [26/May/2021:12:19:18 +0000] "GET /api/products?keyword= HTTP/1.1" 304 - "-" "Mozilla/5.0 (X11; Linux x86_64) AppleWebKit/537.36 (KHTML, like Gecko) Chrome/89.0.4389.114 Safari/537.36"
::1 - - [26/May/2021:12:24:34 +0000] "GET / HTTP/1.1" 304 - "-" "Mozilla/5.0 (X11; Linux x86_64) AppleWebKit/537.36 (KHTML, like Gecko) Chrome/89.0.4389.114 Safari/537.36"
::1 - - [26/May/2021:12:24:34 +0000] "GET /static/css/main.88bf6a68.chunk.css HTTP/1.1" 304 - "-" "Mozilla/5.0 (X11; Linux x86_64) AppleWebKit/537.36 (KHTML, like Gecko) Chrome/89.0.4389.114 Safari/537.36"
::1 - - [26/May/2021:12:24:34 +0000] "GET /static/js/runtime-main.0cb527ab.js HTTP/1.1" 304 - "-" "Mozilla/5.0 (X11; Linux x86_64) AppleWebKit/537.36 (KHTML, like Gecko) Chrome/89.0.4389.114 Safari/537.36"
::1 - - [26/May/2021:12:24:34 +0000] "GET /static/js/2.c5e55fcf.chunk.js HTTP/1.1" 304 - "-" "Mozilla/5.0 (X11; Linux x86_64) AppleWebKit/537.36 (KHTML, like Gecko) Chrome/89.0.4389.114 Safari/537.36"
::1 - - [26/May/2021:12:24:34 +0000] "GET /static/js/main.521daf82.chunk.js HTTP/1.1" 304 - "-" "Mozilla/5.0 (X11; Linux x86_64) AppleWebKit/537.36 (KHTML, like Gecko) Chrome/89.0.4389.114 Safari/537.36"
::1 - - [26/May/2021:12:24:34 +0000] "GET /manifest.json HTTP/1.1" 304 - "-" "Mozilla/5.0 (X11; Linux x86_64) AppleWebKit/537.36 (KHTML, like Gecko) Chrome/89.0.4389.114 Safari/537.36"
::1 - - [26/May/2021:12:24:34 +0000] "GET /favicon.ico HTTP/1.1" 200 3870 "-" "Mozilla/5.0 (X11; Linux x86_64) AppleWebKit/537.36 (KHTML, like Gecko) Chrome/89.0.4389.114 Safari/537.36"
::1 - - [26/May/2021:12:24:34 +0000] "GET /logo192.png HTTP/1.1" 304 - "-" "Mozilla/5.0 (X11; Linux x86_64) AppleWebKit/537.36 (KHTML, like Gecko) Chrome/89.0.4389.114 Safari/537.36"
::1 - - [26/May/2021:12:24:34 +0000] "GET /api/products?keyword= HTTP/1.1" 304 - "-" "Mozilla/5.0 (X11; Linux x86_64) AppleWebKit/537.36 (KHTML, like Gecko) Chrome/89.0.4389.114 Safari/537.36"
::1 - - [26/May/2021:12:55:11 +0000] "GET / HTTP/1.1" 304 - "-" "Mozilla/5.0 (X11; Linux x86_64) AppleWebKit/537.36 (KHTML, like Gecko) Chrome/89.0.4389.114 Safari/537.36"
::1 - - [26/May/2021:12:55:11 +0000] "GET /static/css/main.88bf6a68.chunk.css HTTP/1.1" 304 - "-" "Mozilla/5.0 (X11; Linux x86_64) AppleWebKit/537.36 (KHTML, like Gecko) Chrome/89.0.4389.114 Safari/537.36"
::1 - - [26/May/2021:12:55:11 +0000] "GET /static/js/runtime-main.0cb527ab.js HTTP/1.1" 304 - "-" "Mozilla/5.0 (X11; Linux x86_64) AppleWebKit/537.36 (KHTML, like Gecko) Chrome/89.0.4389.114 Safari/537.36"
::1 - - [26/May/2021:12:55:11 +0000] "GET /static/js/2.c5e55fcf.chunk.js HTTP/1.1" 304 - "-" "Mozilla/5.0 (X11; Linux x86_64) AppleWebKit/537.36 (KHTML, like Gecko) Chrome/89.0.4389.114 Safari/537.36"
::1 - - [26/May/2021:12:55:11 +0000] "GET /static/js/main.521daf82.chunk.js HTTP/1.1" 304 - "-" "Mozilla/5.0 (X11; Linux x86_64) AppleWebKit/537.36 (KHTML, like Gecko) Chrome/89.0.4389.114 Safari/537.36"
::1 - - [26/May/2021:12:55:11 +0000] "GET /manifest.json HTTP/1.1" 304 - "-" "Mozilla/5.0 (X11; Linux x86_64) AppleWebKit/537.36 (KHTML, like Gecko) Chrome/89.0.4389.114 Safari/537.36"
::1 - - [26/May/2021:12:55:11 +0000] "GET /logo192.png HTTP/1.1" 304 - "-" "Mozilla/5.0 (X11; Linux x86_64) AppleWebKit/537.36 (KHTML, like Gecko) Chrome/89.0.4389.114 Safari/537.36"
::1 - - [26/May/2021:12:55:12 +0000] "GET /api/products?keyword= HTTP/1.1" 304 - "-" "Mozilla/5.0 (X11; Linux x86_64) AppleWebKit/537.36 (KHTML, like Gecko) Chrome/89.0.4389.114 Safari/537.36"
::1 - - [26/May/2021:13:13:23 +0000] "GET / HTTP/1.1" 304 - "-" "Mozilla/5.0 (X11; Linux x86_64) AppleWebKit/537.36 (KHTML, like Gecko) Chrome/89.0.4389.114 Safari/537.36"
::1 - - [26/May/2021:13:13:23 +0000] "GET /static/css/main.88bf6a68.chunk.css HTTP/1.1" 304 - "-" "Mozilla/5.0 (X11; Linux x86_64) AppleWebKit/537.36 (KHTML, like Gecko) Chrome/89.0.4389.114 Safari/537.36"
::1 - - [26/May/2021:13:13:23 +0000] "GET /static/js/runtime-main.0cb527ab.js HTTP/1.1" 304 - "-" "Mozilla/5.0 (X11; Linux x86_64) AppleWebKit/537.36 (KHTML, like Gecko) Chrome/89.0.4389.114 Safari/537.36"
::1 - - [26/May/2021:13:13:23 +0000] "GET /static/js/2.c5e55fcf.chunk.js HTTP/1.1" 304 - "-" "Mozilla/5.0 (X11; Linux x86_64) AppleWebKit/537.36 (KHTML, like Gecko) Chrome/89.0.4389.114 Safari/537.36"
::1 - - [26/May/2021:13:13:23 +0000] "GET /static/js/main.521daf82.chunk.js HTTP/1.1" 304 - "-" "Mozilla/5.0 (X11; Linux x86_64) AppleWebKit/537.36 (KHTML, like Gecko) Chrome/89.0.4389.114 Safari/537.36"
::1 - - [26/May/2021:13:13:23 +0000] "GET /manifest.json HTTP/1.1" 304 - "-" "Mozilla/5.0 (X11; Linux x86_64) AppleWebKit/537.36 (KHTML, like Gecko) Chrome/89.0.4389.114 Safari/537.36"
::1 - - [26/May/2021:13:13:23 +0000] "GET /logo192.png HTTP/1.1" 304 - "-" "Mozilla/5.0 (X11; Linux x86_64) AppleWebKit/537.36 (KHTML, like Gecko) Chrome/89.0.4389.114 Safari/537.36"
::1 - - [26/May/2021:13:13:23 +0000] "GET /api/products?keyword= HTTP/1.1" 304 - "-" "Mozilla/5.0 (X11; Linux x86_64) AppleWebKit/537.36 (KHTML, like Gecko) Chrome/89.0.4389.114 Safari/537.36"
::1 - - [26/May/2021:13:16:03 +0000] "GET / HTTP/1.1" 200 3256 "-" "Mozilla/5.0 (Linux; Android 8.0.0; Pixel 2 XL Build/OPD1.170816.004) AppleWebKit/537.36 (KHTML, like Gecko) Chrome/89.0.4389.114 Mobile Safari/537.36"
::1 - - [26/May/2021:13:16:04 +0000] "GET /static/css/main.88bf6a68.chunk.css HTTP/1.1" 200 163950 "-" "Mozilla/5.0 (Linux; Android 8.0.0; Pixel 2 XL Build/OPD1.170816.004) AppleWebKit/537.36 (KHTML, like Gecko) Chrome/89.0.4389.114 Mobile Safari/537.36"
::1 - - [26/May/2021:13:16:04 +0000] "GET /static/js/main.521daf82.chunk.js HTTP/1.1" 200 68672 "-" "Mozilla/5.0 (Linux; Android 8.0.0; Pixel 2 XL Build/OPD1.170816.004) AppleWebKit/537.36 (KHTML, like Gecko) Chrome/89.0.4389.114 Mobile Safari/537.36"
::1 - - [26/May/2021:13:16:04 +0000] "GET /static/js/2.c5e55fcf.chunk.js HTTP/1.1" 200 380458 "-" "Mozilla/5.0 (Linux; Android 8.0.0; Pixel 2 XL Build/OPD1.170816.004) AppleWebKit/537.36 (KHTML, like Gecko) Chrome/89.0.4389.114 Mobile Safari/537.36"
::1 - - [26/May/2021:13:16:04 +0000] "GET /static/css/main.88bf6a68.chunk.css.map HTTP/1.1" 200 391592 "-" "Mozilla/5.0 (X11; Linux x86_64) AppleWebKit/537.36 (KHTML, like Gecko) Chrome/89.0.4389.114 Safari/537.36"
::1 - - [26/May/2021:13:16:04 +0000] "GET /manifest.json HTTP/1.1" 200 492 "-" "Mozilla/5.0 (Linux; Android 8.0.0; Pixel 2 XL Build/OPD1.170816.004) AppleWebKit/537.36 (KHTML, like Gecko) Chrome/89.0.4389.114 Mobile Safari/537.36"
::1 - - [26/May/2021:13:16:04 +0000] "GET /logo192.png HTTP/1.1" 200 5347 "-" "Mozilla/5.0 (Linux; Android 8.0.0; Pixel 2 XL Build/OPD1.170816.004) AppleWebKit/537.36 (KHTML, like Gecko) Chrome/89.0.4389.114 Mobile Safari/537.36"
::1 - - [26/May/2021:13:16:07 +0000] "GET /static/css/main.88bf6a68.chunk.css HTTP/1.1" 304 - "-" "Mozilla/5.0 (X11; Linux x86_64) AppleWebKit/537.36 (KHTML, like Gecko) Chrome/89.0.4389.114 Safari/537.36"
::1 - - [26/May/2021:13:16:07 +0000] "GET /manifest.json HTTP/1.1" 304 - "-" "Mozilla/5.0 (X11; Linux x86_64) AppleWebKit/537.36 (KHTML, like Gecko) Chrome/89.0.4389.114 Safari/537.36"
::1 - - [26/May/2021:13:16:07 +0000] "GET /static/css/main.88bf6a68.chunk.css.map HTTP/1.1" 200 391592 "-" "Mozilla/5.0 (X11; Linux x86_64) AppleWebKit/537.36 (KHTML, like Gecko) Chrome/89.0.4389.114 Safari/537.36"
::1 - - [26/May/2021:13:16:47 +0000] "GET / HTTP/1.1" 200 3256 "-" "Mozilla/5.0 (Linux; Android 8.0.0; Pixel 2 XL Build/OPD1.170816.004) AppleWebKit/537.36 (KHTML, like Gecko) Chrome/89.0.4389.114 Mobile Safari/537.36"
::1 - - [26/May/2021:13:16:47 +0000] "GET /static/css/main.88bf6a68.chunk.css HTTP/1.1" 200 163950 "-" "Mozilla/5.0 (Linux; Android 8.0.0; Pixel 2 XL Build/OPD1.170816.004) AppleWebKit/537.36 (KHTML, like Gecko) Chrome/89.0.4389.114 Mobile Safari/537.36"
::1 - - [26/May/2021:13:16:47 +0000] "GET /static/js/main.521daf82.chunk.js HTTP/1.1" 200 68672 "-" "Mozilla/5.0 (Linux; Android 8.0.0; Pixel 2 XL Build/OPD1.170816.004) AppleWebKit/537.36 (KHTML, like Gecko) Chrome/89.0.4389.114 Mobile Safari/537.36"
::1 - - [26/May/2021:13:16:47 +0000] "GET /static/js/2.c5e55fcf.chunk.js HTTP/1.1" 200 380458 "-" "Mozilla/5.0 (Linux; Android 8.0.0; Pixel 2 XL Build/OPD1.170816.004) AppleWebKit/537.36 (KHTML, like Gecko) Chrome/89.0.4389.114 Mobile Safari/537.36"
::1 - - [26/May/2021:13:16:47 +0000] "GET /static/css/main.88bf6a68.chunk.css.map HTTP/1.1" 200 391592 "-" "Mozilla/5.0 (X11; Linux x86_64) AppleWebKit/537.36 (KHTML, like Gecko) Chrome/89.0.4389.114 Safari/537.36"
::1 - - [26/May/2021:13:16:47 +0000] "GET /manifest.json HTTP/1.1" 200 492 "-" "Mozilla/5.0 (Linux; Android 8.0.0; Pixel 2 XL Build/OPD1.170816.004) AppleWebKit/537.36 (KHTML, like Gecko) Chrome/89.0.4389.114 Mobile Safari/537.36"
::1 - - [26/May/2021:13:16:47 +0000] "GET /favicon.ico HTTP/1.1" 200 3870 "-" "Mozilla/5.0 (Linux; Android 8.0.0; Pixel 2 XL Build/OPD1.170816.004) AppleWebKit/537.36 (KHTML, like Gecko) Chrome/89.0.4389.114 Mobile Safari/537.36"
::1 - - [26/May/2021:13:16:47 +0000] "GET /logo192.png HTTP/1.1" 200 5347 "-" "Mozilla/5.0 (Linux; Android 8.0.0; Pixel 2 XL Build/OPD1.170816.004) AppleWebKit/537.36 (KHTML, like Gecko) Chrome/89.0.4389.114 Mobile Safari/537.36"
::1 - - [26/May/2021:13:17:39 +0000] "GET / HTTP/1.1" 200 3256 "-" "Mozilla/5.0 (Linux; Android 8.0.0; Pixel 2 XL Build/OPD1.170816.004) AppleWebKit/537.36 (KHTML, like Gecko) Chrome/89.0.4389.114 Mobile Safari/537.36"
::1 - - [26/May/2021:13:17:39 +0000] "GET /static/css/main.88bf6a68.chunk.css HTTP/1.1" 200 163950 "-" "Mozilla/5.0 (Linux; Android 8.0.0; Pixel 2 XL Build/OPD1.170816.004) AppleWebKit/537.36 (KHTML, like Gecko) Chrome/89.0.4389.114 Mobile Safari/537.36"
::1 - - [26/May/2021:13:17:39 +0000] "GET /static/js/main.521daf82.chunk.js HTTP/1.1" 200 68672 "-" "Mozilla/5.0 (Linux; Android 8.0.0; Pixel 2 XL Build/OPD1.170816.004) AppleWebKit/537.36 (KHTML, like Gecko) Chrome/89.0.4389.114 Mobile Safari/537.36"
::1 - - [26/May/2021:13:17:39 +0000] "GET /static/js/2.c5e55fcf.chunk.js HTTP/1.1" 200 380458 "-" "Mozilla/5.0 (Linux; Android 8.0.0; Pixel 2 XL Build/OPD1.170816.004) AppleWebKit/537.36 (KHTML, like Gecko) Chrome/89.0.4389.114 Mobile Safari/537.36"
::1 - - [26/May/2021:13:17:39 +0000] "GET /static/css/main.88bf6a68.chunk.css.map HTTP/1.1" 200 391592 "-" "Mozilla/5.0 (X11; Linux x86_64) AppleWebKit/537.36 (KHTML, like Gecko) Chrome/89.0.4389.114 Safari/537.36"
::1 - - [26/May/2021:13:17:39 +0000] "GET /manifest.json HTTP/1.1" 200 492 "-" "Mozilla/5.0 (Linux; Android 8.0.0; Pixel 2 XL Build/OPD1.170816.004) AppleWebKit/537.36 (KHTML, like Gecko) Chrome/89.0.4389.114 Mobile Safari/537.36"
::1 - - [26/May/2021:13:17:39 +0000] "GET /favicon.ico HTTP/1.1" 200 3870 "-" "Mozilla/5.0 (Linux; Android 8.0.0; Pixel 2 XL Build/OPD1.170816.004) AppleWebKit/537.36 (KHTML, like Gecko) Chrome/89.0.4389.114 Mobile Safari/537.36"
::1 - - [26/May/2021:13:17:39 +0000] "GET /logo192.png HTTP/1.1" 200 5347 "-" "Mozilla/5.0 (Linux; Android 8.0.0; Pixel 2 XL Build/OPD1.170816.004) AppleWebKit/537.36 (KHTML, like Gecko) Chrome/89.0.4389.114 Mobile Safari/537.36"
::1 - - [26/May/2021:14:14:51 +0000] "GET / HTTP/1.1" 200 993 "-" "Mozilla/5.0 (Linux; Android 8.0.0; Pixel 2 XL Build/OPD1.170816.004) AppleWebKit/537.36 (KHTML, like Gecko) Chrome/89.0.4389.114 Mobile Safari/537.36"
::1 - - [26/May/2021:14:14:51 +0000] "GET /static/js/runtime-main.0cb527ab.js HTTP/1.1" 200 2358 "-" "Mozilla/5.0 (Linux; Android 8.0.0; Pixel 2 XL Build/OPD1.170816.004) AppleWebKit/537.36 (KHTML, like Gecko) Chrome/89.0.4389.114 Mobile Safari/537.36"
::1 - - [26/May/2021:14:14:51 +0000] "GET /static/css/main.88bf6a68.chunk.css HTTP/1.1" 200 163950 "-" "Mozilla/5.0 (Linux; Android 8.0.0; Pixel 2 XL Build/OPD1.170816.004) AppleWebKit/537.36 (KHTML, like Gecko) Chrome/89.0.4389.114 Mobile Safari/537.36"
::1 - - [26/May/2021:14:14:51 +0000] "GET /static/js/main.521daf82.chunk.js HTTP/1.1" 200 68672 "-" "Mozilla/5.0 (Linux; Android 8.0.0; Pixel 2 XL Build/OPD1.170816.004) AppleWebKit/537.36 (KHTML, like Gecko) Chrome/89.0.4389.114 Mobile Safari/537.36"
::1 - - [26/May/2021:14:14:51 +0000] "GET /static/js/2.c5e55fcf.chunk.js HTTP/1.1" 200 380458 "-" "Mozilla/5.0 (Linux; Android 8.0.0; Pixel 2 XL Build/OPD1.170816.004) AppleWebKit/537.36 (KHTML, like Gecko) Chrome/89.0.4389.114 Mobile Safari/537.36"
::1 - - [26/May/2021:14:14:52 +0000] "GET /static/css/main.88bf6a68.chunk.css.map HTTP/1.1" 200 391592 "-" "Mozilla/5.0 (X11; Linux x86_64) AppleWebKit/537.36 (KHTML, like Gecko) Chrome/89.0.4389.114 Safari/537.36"
::1 - - [26/May/2021:14:14:52 +0000] "GET /manifest.json HTTP/1.1" 200 492 "-" "Mozilla/5.0 (Linux; Android 8.0.0; Pixel 2 XL Build/OPD1.170816.004) AppleWebKit/537.36 (KHTML, like Gecko) Chrome/89.0.4389.114 Mobile Safari/537.36"
::1 - - [26/May/2021:14:14:52 +0000] "GET /favicon.ico HTTP/1.1" 200 3870 "-" "Mozilla/5.0 (Linux; Android 8.0.0; Pixel 2 XL Build/OPD1.170816.004) AppleWebKit/537.36 (KHTML, like Gecko) Chrome/89.0.4389.114 Mobile Safari/537.36"
::1 - - [26/May/2021:14:14:52 +0000] "GET /logo192.png HTTP/1.1" 200 5347 "-" "Mozilla/5.0 (Linux; Android 8.0.0; Pixel 2 XL Build/OPD1.170816.004) AppleWebKit/537.36 (KHTML, like Gecko) Chrome/89.0.4389.114 Mobile Safari/537.36"
::1 - - [26/May/2021:14:14:52 +0000] "GET /api/products?keyword= HTTP/1.1" 200 3479 "-" "Mozilla/5.0 (Linux; Android 8.0.0; Pixel 2 XL Build/OPD1.170816.004) AppleWebKit/537.36 (KHTML, like Gecko) Chrome/89.0.4389.114 Mobile Safari/537.36"
::1 - - [26/May/2021:14:19:55 +0000] "GET /api/products?keyword= HTTP/1.1" 304 - "-" "Mozilla/5.0 (X11; Linux x86_64) AppleWebKit/537.36 (KHTML, like Gecko) Chrome/89.0.4389.114 Safari/537.36"
