::1 - - [17/Mar/2021:13:31:07 +0000] "OPTIONS /api/users HTTP/1.1" 204 0 "http://localhost:3000/admin/userlist" "Mozilla/5.0 (X11; Linux x86_64) AppleWebKit/537.36 (KHTML, like Gecko) Chrome/81.0.4044.122 Safari/537.36"
::1 - - [17/Mar/2021:13:31:07 +0000] "GET /api/users HTTP/1.1" 304 - "http://localhost:3000/admin/userlist" "Mozilla/5.0 (X11; Linux x86_64) AppleWebKit/537.36 (KHTML, like Gecko) Chrome/81.0.4044.122 Safari/537.36"
::1 - - [17/Mar/2021:13:35:42 +0000] "GET /api/products HTTP/1.1" 304 - "http://localhost:3000/" "Mozilla/5.0 (X11; Linux x86_64) AppleWebKit/537.36 (KHTML, like Gecko) Chrome/81.0.4044.122 Safari/537.36"
::1 - - [17/Mar/2021:13:35:49 +0000] "GET /api/products/604344641bd2c060f6bb4138 HTTP/1.1" 304 - "http://localhost:3000/product/604344641bd2c060f6bb4138" "Mozilla/5.0 (X11; Linux x86_64) AppleWebKit/537.36 (KHTML, like Gecko) Chrome/81.0.4044.122 Safari/537.36"
::1 - - [17/Mar/2021:13:35:52 +0000] "GET /api/products HTTP/1.1" 304 - "http://localhost:3000/" "Mozilla/5.0 (X11; Linux x86_64) AppleWebKit/537.36 (KHTML, like Gecko) Chrome/81.0.4044.122 Safari/537.36"
::1 - - [19/Mar/2021:08:21:29 +0000] "GET /api/products HTTP/1.1" 304 - "http://localhost:3000/" "Mozilla/5.0 (X11; Linux x86_64) AppleWebKit/537.36 (KHTML, like Gecko) Chrome/81.0.4044.122 Safari/537.36"
::1 - - [19/Mar/2021:08:21:34 +0000] "OPTIONS /api/users HTTP/1.1" 204 0 "http://localhost:3000/admin/userlist" "Mozilla/5.0 (X11; Linux x86_64) AppleWebKit/537.36 (KHTML, like Gecko) Chrome/81.0.4044.122 Safari/537.36"
::1 - - [19/Mar/2021:08:21:34 +0000] "GET /api/users HTTP/1.1" 403 48 "http://localhost:3000/admin/userlist" "Mozilla/5.0 (X11; Linux x86_64) AppleWebKit/537.36 (KHTML, like Gecko) Chrome/81.0.4044.122 Safari/537.36"
::1 - - [19/Mar/2021:08:21:38 +0000] "GET /api/products HTTP/1.1" 304 - "http://localhost:3000/admin/productlist" "Mozilla/5.0 (X11; Linux x86_64) AppleWebKit/537.36 (KHTML, like Gecko) Chrome/81.0.4044.122 Safari/537.36"
::1 - - [19/Mar/2021:08:21:39 +0000] "OPTIONS /api/users HTTP/1.1" 204 0 "http://localhost:3000/admin/userlist" "Mozilla/5.0 (X11; Linux x86_64) AppleWebKit/537.36 (KHTML, like Gecko) Chrome/81.0.4044.122 Safari/537.36"
::1 - - [19/Mar/2021:08:21:39 +0000] "GET /api/users HTTP/1.1" 403 48 "http://localhost:3000/admin/userlist" "Mozilla/5.0 (X11; Linux x86_64) AppleWebKit/537.36 (KHTML, like Gecko) Chrome/81.0.4044.122 Safari/537.36"
::1 - - [19/Mar/2021:08:21:41 +0000] "OPTIONS /api/orders/all-orders HTTP/1.1" 204 0 "http://localhost:3000/admin/orderlist" "Mozilla/5.0 (X11; Linux x86_64) AppleWebKit/537.36 (KHTML, like Gecko) Chrome/81.0.4044.122 Safari/537.36"
::1 - - [19/Mar/2021:08:21:41 +0000] "GET /api/orders/all-orders HTTP/1.1" 403 48 "http://localhost:3000/admin/orderlist" "Mozilla/5.0 (X11; Linux x86_64) AppleWebKit/537.36 (KHTML, like Gecko) Chrome/81.0.4044.122 Safari/537.36"
::1 - - [19/Mar/2021:08:21:43 +0000] "OPTIONS /api/users/profile HTTP/1.1" 204 0 "http://localhost:3000/profile" "Mozilla/5.0 (X11; Linux x86_64) AppleWebKit/537.36 (KHTML, like Gecko) Chrome/81.0.4044.122 Safari/537.36"
::1 - - [19/Mar/2021:08:21:43 +0000] "OPTIONS /api/orders/my-orders HTTP/1.1" 204 0 "http://localhost:3000/profile" "Mozilla/5.0 (X11; Linux x86_64) AppleWebKit/537.36 (KHTML, like Gecko) Chrome/81.0.4044.122 Safari/537.36"
::1 - - [19/Mar/2021:08:21:43 +0000] "GET /api/users/profile HTTP/1.1" 403 48 "http://localhost:3000/profile" "Mozilla/5.0 (X11; Linux x86_64) AppleWebKit/537.36 (KHTML, like Gecko) Chrome/81.0.4044.122 Safari/537.36"
::1 - - [19/Mar/2021:08:21:43 +0000] "GET /api/orders/my-orders HTTP/1.1" 403 48 "http://localhost:3000/profile" "Mozilla/5.0 (X11; Linux x86_64) AppleWebKit/537.36 (KHTML, like Gecko) Chrome/81.0.4044.122 Safari/537.36"
::1 - - [19/Mar/2021:08:21:46 +0000] "GET /api/orders/all-orders HTTP/1.1" 403 48 "http://localhost:3000/admin/orderlist" "Mozilla/5.0 (X11; Linux x86_64) AppleWebKit/537.36 (KHTML, like Gecko) Chrome/81.0.4044.122 Safari/537.36"
::1 - - [19/Mar/2021:08:21:48 +0000] "GET /api/products HTTP/1.1" 304 - "http://localhost:3000/admin/productlist" "Mozilla/5.0 (X11; Linux x86_64) AppleWebKit/537.36 (KHTML, like Gecko) Chrome/81.0.4044.122 Safari/537.36"
::1 - - [19/Mar/2021:08:21:49 +0000] "OPTIONS /api/users HTTP/1.1" 204 0 "http://localhost:3000/admin/userlist" "Mozilla/5.0 (X11; Linux x86_64) AppleWebKit/537.36 (KHTML, like Gecko) Chrome/81.0.4044.122 Safari/537.36"
::1 - - [19/Mar/2021:08:21:49 +0000] "GET /api/users HTTP/1.1" 403 48 "http://localhost:3000/admin/userlist" "Mozilla/5.0 (X11; Linux x86_64) AppleWebKit/537.36 (KHTML, like Gecko) Chrome/81.0.4044.122 Safari/537.36"
::1 - - [19/Mar/2021:08:21:55 +0000] "OPTIONS /api/users/login HTTP/1.1" 204 0 "http://localhost:3000/login" "Mozilla/5.0 (X11; Linux x86_64) AppleWebKit/537.36 (KHTML, like Gecko) Chrome/81.0.4044.122 Safari/537.36"
::1 - - [19/Mar/2021:08:21:55 +0000] "POST /api/users/login HTTP/1.1" 401 49 "http://localhost:3000/login" "Mozilla/5.0 (X11; Linux x86_64) AppleWebKit/537.36 (KHTML, like Gecko) Chrome/81.0.4044.122 Safari/537.36"
::1 - - [19/Mar/2021:08:22:01 +0000] "OPTIONS /api/users/login HTTP/1.1" 204 0 "http://localhost:3000/login" "Mozilla/5.0 (X11; Linux x86_64) AppleWebKit/537.36 (KHTML, like Gecko) Chrome/81.0.4044.122 Safari/537.36"
::1 - - [19/Mar/2021:08:22:02 +0000] "POST /api/users/login HTTP/1.1" 200 342 "http://localhost:3000/login" "Mozilla/5.0 (X11; Linux x86_64) AppleWebKit/537.36 (KHTML, like Gecko) Chrome/81.0.4044.122 Safari/537.36"
::1 - - [19/Mar/2021:08:22:02 +0000] "GET /api/products HTTP/1.1" 304 - "http://localhost:3000/" "Mozilla/5.0 (X11; Linux x86_64) AppleWebKit/537.36 (KHTML, like Gecko) Chrome/81.0.4044.122 Safari/537.36"
::1 - - [19/Mar/2021:08:22:05 +0000] "OPTIONS /api/users HTTP/1.1" 204 0 "http://localhost:3000/admin/userlist" "Mozilla/5.0 (X11; Linux x86_64) AppleWebKit/537.36 (KHTML, like Gecko) Chrome/81.0.4044.122 Safari/537.36"
::1 - - [19/Mar/2021:08:22:05 +0000] "GET /api/users HTTP/1.1" 200 1178 "http://localhost:3000/admin/userlist" "Mozilla/5.0 (X11; Linux x86_64) AppleWebKit/537.36 (KHTML, like Gecko) Chrome/81.0.4044.122 Safari/537.36"
::1 - - [19/Mar/2021:08:22:08 +0000] "GET /api/products HTTP/1.1" 304 - "http://localhost:3000/admin/productlist" "Mozilla/5.0 (X11; Linux x86_64) AppleWebKit/537.36 (KHTML, like Gecko) Chrome/81.0.4044.122 Safari/537.36"
::1 - - [19/Mar/2021:08:22:09 +0000] "OPTIONS /api/orders/all-orders HTTP/1.1" 204 0 "http://localhost:3000/admin/orderlist" "Mozilla/5.0 (X11; Linux x86_64) AppleWebKit/537.36 (KHTML, like Gecko) Chrome/81.0.4044.122 Safari/537.36"
::1 - - [19/Mar/2021:08:22:10 +0000] "GET /api/orders/all-orders HTTP/1.1" 200 7502 "http://localhost:3000/admin/orderlist" "Mozilla/5.0 (X11; Linux x86_64) AppleWebKit/537.36 (KHTML, like Gecko) Chrome/81.0.4044.122 Safari/537.36"
::1 - - [19/Mar/2021:08:22:16 +0000] "OPTIONS /api/users/profile HTTP/1.1" 204 0 "http://localhost:3000/profile" "Mozilla/5.0 (X11; Linux x86_64) AppleWebKit/537.36 (KHTML, like Gecko) Chrome/81.0.4044.122 Safari/537.36"
::1 - - [19/Mar/2021:08:22:16 +0000] "OPTIONS /api/orders/my-orders HTTP/1.1" 204 0 "http://localhost:3000/profile" "Mozilla/5.0 (X11; Linux x86_64) AppleWebKit/537.36 (KHTML, like Gecko) Chrome/81.0.4044.122 Safari/537.36"
::1 - - [19/Mar/2021:08:22:17 +0000] "GET /api/users/profile HTTP/1.1" 200 159 "http://localhost:3000/profile" "Mozilla/5.0 (X11; Linux x86_64) AppleWebKit/537.36 (KHTML, like Gecko) Chrome/81.0.4044.122 Safari/537.36"
::1 - - [19/Mar/2021:08:22:18 +0000] "GET /api/orders/my-orders HTTP/1.1" 200 7502 "http://localhost:3000/profile" "Mozilla/5.0 (X11; Linux x86_64) AppleWebKit/537.36 (KHTML, like Gecko) Chrome/81.0.4044.122 Safari/537.36"
::1 - - [19/Mar/2021:08:22:22 +0000] "OPTIONS /api/orders/all-orders HTTP/1.1" 204 0 "http://localhost:3000/admin/orderlist" "Mozilla/5.0 (X11; Linux x86_64) AppleWebKit/537.36 (KHTML, like Gecko) Chrome/81.0.4044.122 Safari/537.36"
::1 - - [19/Mar/2021:08:22:23 +0000] "GET /api/orders/all-orders HTTP/1.1" 304 - "http://localhost:3000/admin/orderlist" "Mozilla/5.0 (X11; Linux x86_64) AppleWebKit/537.36 (KHTML, like Gecko) Chrome/81.0.4044.122 Safari/537.36"
::1 - - [19/Mar/2021:08:22:25 +0000] "GET /api/products HTTP/1.1" 304 - "http://localhost:3000/admin/productlist" "Mozilla/5.0 (X11; Linux x86_64) AppleWebKit/537.36 (KHTML, like Gecko) Chrome/81.0.4044.122 Safari/537.36"
::1 - - [19/Mar/2021:08:22:26 +0000] "OPTIONS /api/users HTTP/1.1" 204 0 "http://localhost:3000/admin/userlist" "Mozilla/5.0 (X11; Linux x86_64) AppleWebKit/537.36 (KHTML, like Gecko) Chrome/81.0.4044.122 Safari/537.36"
::1 - - [19/Mar/2021:08:22:27 +0000] "GET /api/users HTTP/1.1" 304 - "http://localhost:3000/admin/userlist" "Mozilla/5.0 (X11; Linux x86_64) AppleWebKit/537.36 (KHTML, like Gecko) Chrome/81.0.4044.122 Safari/537.36"
::1 - - [19/Mar/2021:12:32:59 +0000] "GET /api/products HTTP/1.1" 200 2096 "http://localhost:3000/" "Mozilla/5.0 (X11; Linux x86_64) AppleWebKit/537.36 (KHTML, like Gecko) Chrome/81.0.4044.122 Safari/537.36"
::1 - - [19/Mar/2021:12:33:01 +0000] "GET /api/products/604344641bd2c060f6bb4137 HTTP/1.1" 304 - "http://localhost:3000/product/604344641bd2c060f6bb4137" "Mozilla/5.0 (X11; Linux x86_64) AppleWebKit/537.36 (KHTML, like Gecko) Chrome/81.0.4044.122 Safari/537.36"
::1 - - [19/Mar/2021:12:33:43 +0000] "GET /api/products/604344641bd2c060f6bb4137 HTTP/1.1" 304 - "http://localhost:3000/product/604344641bd2c060f6bb4137" "Mozilla/5.0 (X11; Linux x86_64) AppleWebKit/537.36 (KHTML, like Gecko) Chrome/81.0.4044.122 Safari/537.36"
::1 - - [19/Mar/2021:12:35:07 +0000] "GET /api/products/604344641bd2c060f6bb4137 HTTP/1.1" 304 - "http://localhost:3000/product/604344641bd2c060f6bb4137" "Mozilla/5.0 (X11; Linux x86_64) AppleWebKit/537.36 (KHTML, like Gecko) Chrome/81.0.4044.122 Safari/537.36"
::1 - - [19/Mar/2021:12:35:26 +0000] "GET /api/products/604344641bd2c060f6bb4137 HTTP/1.1" 304 - "http://localhost:3000/product/604344641bd2c060f6bb4137" "Mozilla/5.0 (X11; Linux x86_64) AppleWebKit/537.36 (KHTML, like Gecko) Chrome/81.0.4044.122 Safari/537.36"
::1 - - [19/Mar/2021:12:36:08 +0000] "GET /api/products/604344641bd2c060f6bb4137 HTTP/1.1" 304 - "http://localhost:3000/product/604344641bd2c060f6bb4137" "Mozilla/5.0 (X11; Linux x86_64) AppleWebKit/537.36 (KHTML, like Gecko) Chrome/81.0.4044.122 Safari/537.36"
::1 - - [19/Mar/2021:12:36:22 +0000] "GET /api/products/604344641bd2c060f6bb4137 HTTP/1.1" 304 - "http://localhost:3000/product/604344641bd2c060f6bb4137" "Mozilla/5.0 (X11; Linux x86_64) AppleWebKit/537.36 (KHTML, like Gecko) Chrome/81.0.4044.122 Safari/537.36"
::1 - - [19/Mar/2021:12:37:23 +0000] "GET /api/products/604344641bd2c060f6bb4137 HTTP/1.1" 304 - "http://localhost:3000/product/604344641bd2c060f6bb4137" "Mozilla/5.0 (X11; Linux x86_64) AppleWebKit/537.36 (KHTML, like Gecko) Chrome/81.0.4044.122 Safari/537.36"
::1 - - [19/Mar/2021:12:37:30 +0000] "GET /api/products/604344641bd2c060f6bb4137 HTTP/1.1" 304 - "http://localhost:3000/product/604344641bd2c060f6bb4137" "Mozilla/5.0 (X11; Linux x86_64) AppleWebKit/537.36 (KHTML, like Gecko) Chrome/81.0.4044.122 Safari/537.36"
::1 - - [19/Mar/2021:12:37:41 +0000] "GET /api/products/604344641bd2c060f6bb4137 HTTP/1.1" 304 - "http://localhost:3000/product/604344641bd2c060f6bb4137" "Mozilla/5.0 (X11; Linux x86_64) AppleWebKit/537.36 (KHTML, like Gecko) Chrome/81.0.4044.122 Safari/537.36"
::1 - - [19/Mar/2021:12:37:57 +0000] "GET /api/products/604344641bd2c060f6bb4137 HTTP/1.1" 304 - "http://localhost:3000/product/604344641bd2c060f6bb4137" "Mozilla/5.0 (X11; Linux x86_64) AppleWebKit/537.36 (KHTML, like Gecko) Chrome/81.0.4044.122 Safari/537.36"
::1 - - [19/Mar/2021:12:38:13 +0000] "GET /api/products/604344641bd2c060f6bb4137 HTTP/1.1" 304 - "http://localhost:3000/product/604344641bd2c060f6bb4137" "Mozilla/5.0 (X11; Linux x86_64) AppleWebKit/537.36 (KHTML, like Gecko) Chrome/81.0.4044.122 Safari/537.36"
::1 - - [19/Mar/2021:12:39:42 +0000] "GET /api/products/604344641bd2c060f6bb4137 HTTP/1.1" 304 - "http://localhost:3000/product/604344641bd2c060f6bb4137" "Mozilla/5.0 (X11; Linux x86_64) AppleWebKit/537.36 (KHTML, like Gecko) Chrome/81.0.4044.122 Safari/537.36"
::1 - - [19/Mar/2021:12:40:19 +0000] "GET /api/products/604344641bd2c060f6bb4137 HTTP/1.1" 304 - "http://localhost:3000/product/604344641bd2c060f6bb4137" "Mozilla/5.0 (X11; Linux x86_64) AppleWebKit/537.36 (KHTML, like Gecko) Chrome/81.0.4044.122 Safari/537.36"
::1 - - [19/Mar/2021:12:41:15 +0000] "GET /api/products/604344641bd2c060f6bb4137 HTTP/1.1" 304 - "http://localhost:3000/product/604344641bd2c060f6bb4137" "Mozilla/5.0 (X11; Linux x86_64) AppleWebKit/537.36 (KHTML, like Gecko) Chrome/81.0.4044.122 Safari/537.36"
::1 - - [19/Mar/2021:12:43:17 +0000] "GET /api/products/604344641bd2c060f6bb4137 HTTP/1.1" 304 - "http://localhost:3000/product/604344641bd2c060f6bb4137" "Mozilla/5.0 (X11; Linux x86_64) AppleWebKit/537.36 (KHTML, like Gecko) Chrome/81.0.4044.122 Safari/537.36"
::1 - - [19/Mar/2021:12:43:49 +0000] "GET /api/products/604344641bd2c060f6bb4137 HTTP/1.1" 304 - "http://localhost:3000/product/604344641bd2c060f6bb4137" "Mozilla/5.0 (X11; Linux x86_64) AppleWebKit/537.36 (KHTML, like Gecko) Chrome/81.0.4044.122 Safari/537.36"
::1 - - [19/Mar/2021:12:43:51 +0000] "GET /api/products HTTP/1.1" 304 - "http://localhost:3000/" "Mozilla/5.0 (X11; Linux x86_64) AppleWebKit/537.36 (KHTML, like Gecko) Chrome/81.0.4044.122 Safari/537.36"
::1 - - [19/Mar/2021:12:43:53 +0000] "GET /api/products/604344641bd2c060f6bb4137 HTTP/1.1" 304 - "http://localhost:3000/product/604344641bd2c060f6bb4137" "Mozilla/5.0 (X11; Linux x86_64) AppleWebKit/537.36 (KHTML, like Gecko) Chrome/81.0.4044.122 Safari/537.36"
::1 - - [19/Mar/2021:12:44:05 +0000] "OPTIONS /api/users/login HTTP/1.1" 204 0 "http://localhost:3000/login" "Mozilla/5.0 (X11; Linux x86_64) AppleWebKit/537.36 (KHTML, like Gecko) Chrome/81.0.4044.122 Safari/537.36"
::1 - - [19/Mar/2021:12:44:06 +0000] "POST /api/users/login HTTP/1.1" 200 342 "http://localhost:3000/login" "Mozilla/5.0 (X11; Linux x86_64) AppleWebKit/537.36 (KHTML, like Gecko) Chrome/81.0.4044.122 Safari/537.36"
::1 - - [19/Mar/2021:12:44:06 +0000] "GET /api/products HTTP/1.1" 304 - "http://localhost:3000/" "Mozilla/5.0 (X11; Linux x86_64) AppleWebKit/537.36 (KHTML, like Gecko) Chrome/81.0.4044.122 Safari/537.36"
::1 - - [19/Mar/2021:12:44:08 +0000] "GET /api/products/604344641bd2c060f6bb4137 HTTP/1.1" 304 - "http://localhost:3000/product/604344641bd2c060f6bb4137" "Mozilla/5.0 (X11; Linux x86_64) AppleWebKit/537.36 (KHTML, like Gecko) Chrome/81.0.4044.122 Safari/537.36"
::1 - - [19/Mar/2021:12:45:04 +0000] "GET /api/products/604344641bd2c060f6bb4137 HTTP/1.1" 304 - "http://localhost:3000/product/604344641bd2c060f6bb4137" "Mozilla/5.0 (X11; Linux x86_64) AppleWebKit/537.36 (KHTML, like Gecko) Chrome/81.0.4044.122 Safari/537.36"
::1 - - [19/Mar/2021:12:52:00 +0000] "GET /api/products/604344641bd2c060f6bb4137 HTTP/1.1" 304 - "http://localhost:3000/product/604344641bd2c060f6bb4137" "Mozilla/5.0 (X11; Linux x86_64) AppleWebKit/537.36 (KHTML, like Gecko) Chrome/81.0.4044.122 Safari/537.36"
::1 - - [19/Mar/2021:12:53:01 +0000] "GET /api/products/604344641bd2c060f6bb4137 HTTP/1.1" 304 - "http://localhost:3000/product/604344641bd2c060f6bb4137" "Mozilla/5.0 (X11; Linux x86_64) AppleWebKit/537.36 (KHTML, like Gecko) Chrome/81.0.4044.122 Safari/537.36"
::1 - - [19/Mar/2021:12:53:55 +0000] "GET /api/products/604344641bd2c060f6bb4137 HTTP/1.1" 304 - "http://localhost:3000/product/604344641bd2c060f6bb4137" "Mozilla/5.0 (X11; Linux x86_64) AppleWebKit/537.36 (KHTML, like Gecko) Chrome/81.0.4044.122 Safari/537.36"
::1 - - [19/Mar/2021:12:56:45 +0000] "GET /api/products/604344641bd2c060f6bb4137 HTTP/1.1" 304 - "http://localhost:3000/product/604344641bd2c060f6bb4137" "Mozilla/5.0 (X11; Linux x86_64) AppleWebKit/537.36 (KHTML, like Gecko) Chrome/81.0.4044.122 Safari/537.36"
::1 - - [19/Mar/2021:12:56:46 +0000] "OPTIONS /api/users HTTP/1.1" 204 0 "http://localhost:3000/admin/userlist" "Mozilla/5.0 (X11; Linux x86_64) AppleWebKit/537.36 (KHTML, like Gecko) Chrome/81.0.4044.122 Safari/537.36"
::1 - - [19/Mar/2021:12:56:47 +0000] "GET /api/users HTTP/1.1" 304 - "http://localhost:3000/admin/userlist" "Mozilla/5.0 (X11; Linux x86_64) AppleWebKit/537.36 (KHTML, like Gecko) Chrome/81.0.4044.122 Safari/537.36"
::1 - - [19/Mar/2021:12:56:50 +0000] "GET /api/products HTTP/1.1" 304 - "http://localhost:3000/" "Mozilla/5.0 (X11; Linux x86_64) AppleWebKit/537.36 (KHTML, like Gecko) Chrome/81.0.4044.122 Safari/537.36"
::1 - - [19/Mar/2021:12:56:52 +0000] "GET /api/products/604344641bd2c060f6bb4137 HTTP/1.1" 304 - "http://localhost:3000/product/604344641bd2c060f6bb4137" "Mozilla/5.0 (X11; Linux x86_64) AppleWebKit/537.36 (KHTML, like Gecko) Chrome/81.0.4044.122 Safari/537.36"
::1 - - [19/Mar/2021:12:56:54 +0000] "GET /api/products/604344641bd2c060f6bb4137 HTTP/1.1" 304 - "http://localhost:3000/cart/604344641bd2c060f6bb4137?qty=1" "Mozilla/5.0 (X11; Linux x86_64) AppleWebKit/537.36 (KHTML, like Gecko) Chrome/81.0.4044.122 Safari/537.36"
::1 - - [19/Mar/2021:12:57:08 +0000] "GET /api/products HTTP/1.1" 304 - "http://localhost:3000/" "Mozilla/5.0 (X11; Linux x86_64) AppleWebKit/537.36 (KHTML, like Gecko) Chrome/81.0.4044.122 Safari/537.36"
::1 - - [19/Mar/2021:12:57:11 +0000] "GET /api/products/604344641bd2c060f6bb4137 HTTP/1.1" 304 - "http://localhost:3000/product/604344641bd2c060f6bb4137" "Mozilla/5.0 (X11; Linux x86_64) AppleWebKit/537.36 (KHTML, like Gecko) Chrome/81.0.4044.122 Safari/537.36"
::1 - - [19/Mar/2021:12:57:16 +0000] "OPTIONS /api/products/604344641bd2c060f6bb4137/reviews HTTP/1.1" 204 0 "http://localhost:3000/product/604344641bd2c060f6bb4137" "Mozilla/5.0 (X11; Linux x86_64) AppleWebKit/537.36 (KHTML, like Gecko) Chrome/81.0.4044.122 Safari/537.36"
::1 - - [19/Mar/2021:12:57:17 +0000] "POST /api/products/604344641bd2c060f6bb4137/reviews HTTP/1.1" 500 62 "http://localhost:3000/product/604344641bd2c060f6bb4137" "Mozilla/5.0 (X11; Linux x86_64) AppleWebKit/537.36 (KHTML, like Gecko) Chrome/81.0.4044.122 Safari/537.36"
::1 - - [19/Mar/2021:13:00:44 +0000] "GET /api/products/604344641bd2c060f6bb4137 HTTP/1.1" 304 - "http://localhost:3000/product/604344641bd2c060f6bb4137" "Mozilla/5.0 (X11; Linux x86_64) AppleWebKit/537.36 (KHTML, like Gecko) Chrome/81.0.4044.122 Safari/537.36"
::1 - - [19/Mar/2021:13:04:18 +0000] "GET /api/products/604344641bd2c060f6bb4137 HTTP/1.1" 304 - "http://localhost:3000/product/604344641bd2c060f6bb4137" "Mozilla/5.0 (X11; Linux x86_64) AppleWebKit/537.36 (KHTML, like Gecko) Chrome/81.0.4044.122 Safari/537.36"
::1 - - [19/Mar/2021:13:04:23 +0000] "OPTIONS /api/products/604344641bd2c060f6bb4137/reviews HTTP/1.1" 204 0 "http://localhost:3000/product/604344641bd2c060f6bb4137" "Mozilla/5.0 (X11; Linux x86_64) AppleWebKit/537.36 (KHTML, like Gecko) Chrome/81.0.4044.122 Safari/537.36"
::1 - - [19/Mar/2021:13:04:23 +0000] "POST /api/products/604344641bd2c060f6bb4137/reviews HTTP/1.1" 500 57 "http://localhost:3000/product/604344641bd2c060f6bb4137" "Mozilla/5.0 (X11; Linux x86_64) AppleWebKit/537.36 (KHTML, like Gecko) Chrome/81.0.4044.122 Safari/537.36"
::1 - - [19/Mar/2021:13:07:17 +0000] "GET /api/products/604344641bd2c060f6bb4137 HTTP/1.1" 304 - "http://localhost:3000/product/604344641bd2c060f6bb4137" "Mozilla/5.0 (X11; Linux x86_64) AppleWebKit/537.36 (KHTML, like Gecko) Chrome/81.0.4044.122 Safari/537.36"
::1 - - [19/Mar/2021:13:07:20 +0000] "OPTIONS /api/products/604344641bd2c060f6bb4137/reviews HTTP/1.1" 204 0 "http://localhost:3000/product/604344641bd2c060f6bb4137" "Mozilla/5.0 (X11; Linux x86_64) AppleWebKit/537.36 (KHTML, like Gecko) Chrome/81.0.4044.122 Safari/537.36"
::1 - - [19/Mar/2021:13:07:20 +0000] "POST /api/products/604344641bd2c060f6bb4137/reviews HTTP/1.1" 500 76 "http://localhost:3000/product/604344641bd2c060f6bb4137" "Mozilla/5.0 (X11; Linux x86_64) AppleWebKit/537.36 (KHTML, like Gecko) Chrome/81.0.4044.122 Safari/537.36"
::1 - - [19/Mar/2021:13:08:36 +0000] "GET /api/products/604344641bd2c060f6bb4137 HTTP/1.1" 304 - "http://localhost:3000/product/604344641bd2c060f6bb4137" "Mozilla/5.0 (X11; Linux x86_64) AppleWebKit/537.36 (KHTML, like Gecko) Chrome/81.0.4044.122 Safari/537.36"
::1 - - [19/Mar/2021:13:08:38 +0000] "OPTIONS /api/products/604344641bd2c060f6bb4137/reviews HTTP/1.1" 204 0 "http://localhost:3000/product/604344641bd2c060f6bb4137" "Mozilla/5.0 (X11; Linux x86_64) AppleWebKit/537.36 (KHTML, like Gecko) Chrome/81.0.4044.122 Safari/537.36"
::1 - - [19/Mar/2021:13:08:39 +0000] "POST /api/products/604344641bd2c060f6bb4137/reviews HTTP/1.1" 500 76 "http://localhost:3000/product/604344641bd2c060f6bb4137" "Mozilla/5.0 (X11; Linux x86_64) AppleWebKit/537.36 (KHTML, like Gecko) Chrome/81.0.4044.122 Safari/537.36"
::1 - - [19/Mar/2021:13:09:05 +0000] "GET /api/products/604344641bd2c060f6bb4137 HTTP/1.1" 304 - "http://localhost:3000/product/604344641bd2c060f6bb4137" "Mozilla/5.0 (X11; Linux x86_64) AppleWebKit/537.36 (KHTML, like Gecko) Chrome/81.0.4044.122 Safari/537.36"
::1 - - [19/Mar/2021:13:10:21 +0000] "OPTIONS /api/products/604344641bd2c060f6bb4137/reviews HTTP/1.1" 204 0 "http://localhost:3000/product/604344641bd2c060f6bb4137" "Mozilla/5.0 (X11; Linux x86_64) AppleWebKit/537.36 (KHTML, like Gecko) Chrome/81.0.4044.122 Safari/537.36"
::1 - - [19/Mar/2021:13:10:22 +0000] "POST /api/products/604344641bd2c060f6bb4137/reviews HTTP/1.1" 500 62 "http://localhost:3000/product/604344641bd2c060f6bb4137" "Mozilla/5.0 (X11; Linux x86_64) AppleWebKit/537.36 (KHTML, like Gecko) Chrome/81.0.4044.122 Safari/537.36"
::1 - - [19/Mar/2021:13:17:45 +0000] "GET /api/products/604344641bd2c060f6bb4137 HTTP/1.1" 304 - "http://localhost:3000/product/604344641bd2c060f6bb4137" "Mozilla/5.0 (X11; Linux x86_64) AppleWebKit/537.36 (KHTML, like Gecko) Chrome/81.0.4044.122 Safari/537.36"
::1 - - [19/Mar/2021:13:17:47 +0000] "OPTIONS /api/products/604344641bd2c060f6bb4137/reviews HTTP/1.1" 204 0 "http://localhost:3000/product/604344641bd2c060f6bb4137" "Mozilla/5.0 (X11; Linux x86_64) AppleWebKit/537.36 (KHTML, like Gecko) Chrome/81.0.4044.122 Safari/537.36"
::1 - - [19/Mar/2021:13:17:48 +0000] "POST /api/products/604344641bd2c060f6bb4137/reviews HTTP/1.1" 201 45 "http://localhost:3000/product/604344641bd2c060f6bb4137" "Mozilla/5.0 (X11; Linux x86_64) AppleWebKit/537.36 (KHTML, like Gecko) Chrome/81.0.4044.122 Safari/537.36"
::1 - - [19/Mar/2021:13:17:49 +0000] "GET /api/products/604344641bd2c060f6bb4137 HTTP/1.1" 200 738 "http://localhost:3000/product/604344641bd2c060f6bb4137" "Mozilla/5.0 (X11; Linux x86_64) AppleWebKit/537.36 (KHTML, like Gecko) Chrome/81.0.4044.122 Safari/537.36"
::1 - - [19/Mar/2021:13:17:50 +0000] "GET /api/products/604344641bd2c060f6bb4137 HTTP/1.1" 304 - "http://localhost:3000/product/604344641bd2c060f6bb4137" "Mozilla/5.0 (X11; Linux x86_64) AppleWebKit/537.36 (KHTML, like Gecko) Chrome/81.0.4044.122 Safari/537.36"
::1 - - [19/Mar/2021:13:18:46 +0000] "GET /api/products HTTP/1.1" 200 2268 "http://localhost:3000/" "Mozilla/5.0 (X11; Linux x86_64) AppleWebKit/537.36 (KHTML, like Gecko) Chrome/81.0.4044.122 Safari/537.36"
::1 - - [19/Mar/2021:13:19:51 +0000] "OPTIONS /api/users HTTP/1.1" 204 0 "http://localhost:3000/admin/userlist" "Mozilla/5.0 (X11; Linux x86_64) AppleWebKit/537.36 (KHTML, like Gecko) Chrome/81.0.4044.122 Safari/537.36"
::1 - - [19/Mar/2021:13:19:52 +0000] "GET /api/users HTTP/1.1" 304 - "http://localhost:3000/admin/userlist" "Mozilla/5.0 (X11; Linux x86_64) AppleWebKit/537.36 (KHTML, like Gecko) Chrome/81.0.4044.122 Safari/537.36"
::1 - - [19/Mar/2021:13:19:53 +0000] "GET /api/products HTTP/1.1" 304 - "http://localhost:3000/" "Mozilla/5.0 (X11; Linux x86_64) AppleWebKit/537.36 (KHTML, like Gecko) Chrome/81.0.4044.122 Safari/537.36"
::1 - - [19/Mar/2021:13:19:54 +0000] "GET /api/products/604344641bd2c060f6bb4135 HTTP/1.1" 304 - "http://localhost:3000/product/604344641bd2c060f6bb4135" "Mozilla/5.0 (X11; Linux x86_64) AppleWebKit/537.36 (KHTML, like Gecko) Chrome/81.0.4044.122 Safari/537.36"
::1 - - [19/Mar/2021:13:19:57 +0000] "GET /api/products HTTP/1.1" 304 - "http://localhost:3000/" "Mozilla/5.0 (X11; Linux x86_64) AppleWebKit/537.36 (KHTML, like Gecko) Chrome/81.0.4044.122 Safari/537.36"
::1 - - [19/Mar/2021:13:19:59 +0000] "GET /api/products/604344641bd2c060f6bb4135 HTTP/1.1" 304 - "http://localhost:3000/product/604344641bd2c060f6bb4135" "Mozilla/5.0 (X11; Linux x86_64) AppleWebKit/537.36 (KHTML, like Gecko) Chrome/81.0.4044.122 Safari/537.36"
::1 - - [19/Mar/2021:13:20:02 +0000] "GET /api/products HTTP/1.1" 304 - "http://localhost:3000/" "Mozilla/5.0 (X11; Linux x86_64) AppleWebKit/537.36 (KHTML, like Gecko) Chrome/81.0.4044.122 Safari/537.36"
::1 - - [19/Mar/2021:13:20:03 +0000] "GET /api/products/604344641bd2c060f6bb4137 HTTP/1.1" 304 - "http://localhost:3000/product/604344641bd2c060f6bb4137" "Mozilla/5.0 (X11; Linux x86_64) AppleWebKit/537.36 (KHTML, like Gecko) Chrome/81.0.4044.122 Safari/537.36"
::1 - - [19/Mar/2021:13:34:57 +0000] "GET /api/products/604344641bd2c060f6bb4137 HTTP/1.1" 304 - "http://localhost:3000/product/604344641bd2c060f6bb4137" "Mozilla/5.0 (X11; Linux x86_64) AppleWebKit/537.36 (KHTML, like Gecko) Chrome/81.0.4044.122 Safari/537.36"
::1 - - [19/Mar/2021:13:37:16 +0000] "GET /api/products/604344641bd2c060f6bb4137 HTTP/1.1" 304 - "http://localhost:3000/product/604344641bd2c060f6bb4137" "Mozilla/5.0 (X11; Linux x86_64) AppleWebKit/537.36 (KHTML, like Gecko) Chrome/81.0.4044.122 Safari/537.36"
::1 - - [19/Mar/2021:13:37:28 +0000] "GET /api/products HTTP/1.1" 304 - "http://localhost:3000/" "Mozilla/5.0 (X11; Linux x86_64) AppleWebKit/537.36 (KHTML, like Gecko) Chrome/81.0.4044.122 Safari/537.36"
::1 - - [19/Mar/2021:13:39:18 +0000] "GET /api/products HTTP/1.1" 304 - "http://localhost:3000/" "Mozilla/5.0 (X11; Linux x86_64) AppleWebKit/537.36 (KHTML, like Gecko) Chrome/81.0.4044.122 Safari/537.36"
::1 - - [19/Mar/2021:13:40:13 +0000] "GET /api/products HTTP/1.1" 304 - "http://localhost:3000/search/dd" "Mozilla/5.0 (X11; Linux x86_64) AppleWebKit/537.36 (KHTML, like Gecko) Chrome/81.0.4044.122 Safari/537.36"
::1 - - [19/Mar/2021:13:41:01 +0000] "GET /api/products HTTP/1.1" 304 - "http://localhost:3000/search/dd" "Mozilla/5.0 (X11; Linux x86_64) AppleWebKit/537.36 (KHTML, like Gecko) Chrome/81.0.4044.122 Safari/537.36"
::1 - - [19/Mar/2021:13:47:17 +0000] "GET /api/products?keyword=dd HTTP/1.1" 200 34 "http://localhost:3000/search/dd" "Mozilla/5.0 (X11; Linux x86_64) AppleWebKit/537.36 (KHTML, like Gecko) Chrome/81.0.4044.122 Safari/537.36"
::1 - - [19/Mar/2021:13:47:26 +0000] "GET /api/products?keyword= HTTP/1.1" 200 2268 "http://localhost:3000/" "Mozilla/5.0 (X11; Linux x86_64) AppleWebKit/537.36 (KHTML, like Gecko) Chrome/81.0.4044.122 Safari/537.36"
::1 - - [19/Mar/2021:13:47:32 +0000] "GET /api/products?keyword=Sony HTTP/1.1" 200 556 "http://localhost:3000/search/Sony" "Mozilla/5.0 (X11; Linux x86_64) AppleWebKit/537.36 (KHTML, like Gecko) Chrome/81.0.4044.122 Safari/537.36"
::1 - - [19/Mar/2021:13:47:57 +0000] "GET /api/products?keyword=Sony HTTP/1.1" 304 - "http://localhost:3000/search/Sony" "Mozilla/5.0 (X11; Linux x86_64) AppleWebKit/537.36 (KHTML, like Gecko) Chrome/81.0.4044.122 Safari/537.36"
::1 - - [19/Mar/2021:13:52:06 +0000] "GET /api/products?keyword= HTTP/1.1" 304 - "http://localhost:3000/" "Mozilla/5.0 (X11; Linux x86_64) AppleWebKit/537.36 (KHTML, like Gecko) Chrome/81.0.4044.122 Safari/537.36"
::1 - - [19/Mar/2021:14:26:07 +0000] "GET /api/products?keyword= HTTP/1.1" 304 - "http://localhost:3000/" "Mozilla/5.0 (X11; Linux x86_64) AppleWebKit/537.36 (KHTML, like Gecko) Chrome/81.0.4044.122 Safari/537.36"
::1 - - [19/Mar/2021:14:55:14 +0000] "GET /api/products/top HTTP/1.1" 500 111 "http://localhost:3000/" "Mozilla/5.0 (X11; Linux x86_64) AppleWebKit/537.36 (KHTML, like Gecko) Chrome/81.0.4044.122 Safari/537.36"
::1 - - [19/Mar/2021:14:55:15 +0000] "GET /api/products?keyword= HTTP/1.1" 304 - "http://localhost:3000/" "Mozilla/5.0 (X11; Linux x86_64) AppleWebKit/537.36 (KHTML, like Gecko) Chrome/81.0.4044.122 Safari/537.36"
::1 - - [19/Mar/2021:14:55:45 +0000] "GET /api/products/top HTTP/1.1" 500 111 "http://localhost:3000/" "Mozilla/5.0 (iPhone; CPU iPhone OS 10_3_1 like Mac OS X) AppleWebKit/603.1.30 (KHTML, like Gecko) Version/10.0 Mobile/14E304 Safari/602.1"
::1 - - [19/Mar/2021:14:55:46 +0000] "GET /api/products?keyword= HTTP/1.1" 200 2268 "http://localhost:3000/" "Mozilla/5.0 (iPhone; CPU iPhone OS 10_3_1 like Mac OS X) AppleWebKit/603.1.30 (KHTML, like Gecko) Version/10.0 Mobile/14E304 Safari/602.1"
::1 - - [19/Mar/2021:14:55:58 +0000] "GET /api/products/top HTTP/1.1" 500 111 "http://localhost:3000/" "Mozilla/5.0 (iPhone; CPU iPhone OS 10_3_1 like Mac OS X) AppleWebKit/603.1.30 (KHTML, like Gecko) Version/10.0 Mobile/14E304 Safari/602.1"
::1 - - [19/Mar/2021:14:55:58 +0000] "GET /api/products?keyword= HTTP/1.1" 200 2268 "http://localhost:3000/" "Mozilla/5.0 (iPhone; CPU iPhone OS 10_3_1 like Mac OS X) AppleWebKit/603.1.30 (KHTML, like Gecko) Version/10.0 Mobile/14E304 Safari/602.1"
::1 - - [19/Mar/2021:14:56:57 +0000] "GET /api/products/top HTTP/1.1" 500 111 "http://localhost:3000/" "Mozilla/5.0 (iPhone; CPU iPhone OS 10_3_1 like Mac OS X) AppleWebKit/603.1.30 (KHTML, like Gecko) Version/10.0 Mobile/14E304 Safari/602.1"
::1 - - [19/Mar/2021:14:56:58 +0000] "GET /api/products?keyword= HTTP/1.1" 200 2268 "http://localhost:3000/" "Mozilla/5.0 (iPhone; CPU iPhone OS 10_3_1 like Mac OS X) AppleWebKit/603.1.30 (KHTML, like Gecko) Version/10.0 Mobile/14E304 Safari/602.1"
::1 - - [19/Mar/2021:14:57:33 +0000] "GET /api/products/top HTTP/1.1" 500 111 "http://localhost:3000/" "Mozilla/5.0 (iPhone; CPU iPhone OS 10_3_1 like Mac OS X) AppleWebKit/603.1.30 (KHTML, like Gecko) Version/10.0 Mobile/14E304 Safari/602.1"
::1 - - [19/Mar/2021:14:57:33 +0000] "GET /api/products?keyword= HTTP/1.1" 200 2268 "http://localhost:3000/" "Mozilla/5.0 (iPhone; CPU iPhone OS 10_3_1 like Mac OS X) AppleWebKit/603.1.30 (KHTML, like Gecko) Version/10.0 Mobile/14E304 Safari/602.1"
::1 - - [19/Mar/2021:14:57:39 +0000] "GET /api/products/top HTTP/1.1" 500 111 "http://localhost:3000/" "Mozilla/5.0 (X11; Linux x86_64) AppleWebKit/537.36 (KHTML, like Gecko) Chrome/81.0.4044.122 Safari/537.36"
::1 - - [19/Mar/2021:14:57:40 +0000] "GET /api/products?keyword= HTTP/1.1" 200 2268 "http://localhost:3000/" "Mozilla/5.0 (X11; Linux x86_64) AppleWebKit/537.36 (KHTML, like Gecko) Chrome/81.0.4044.122 Safari/537.36"
::1 - - [19/Mar/2021:14:58:28 +0000] "GET /api/products/top HTTP/1.1" 500 111 "http://localhost:3000/" "Mozilla/5.0 (X11; Linux x86_64) AppleWebKit/537.36 (KHTML, like Gecko) Chrome/81.0.4044.122 Safari/537.36"
::1 - - [19/Mar/2021:14:58:29 +0000] "GET /api/products?keyword= HTTP/1.1" 200 2268 "http://localhost:3000/" "Mozilla/5.0 (X11; Linux x86_64) AppleWebKit/537.36 (KHTML, like Gecko) Chrome/81.0.4044.122 Safari/537.36"
::1 - - [19/Mar/2021:14:59:10 +0000] "GET /api/products/top HTTP/1.1" 500 1883 "http://localhost:3000/" "Mozilla/5.0 (X11; Linux x86_64) AppleWebKit/537.36 (KHTML, like Gecko) Chrome/81.0.4044.122 Safari/537.36"
::1 - - [19/Mar/2021:14:59:10 +0000] "GET /api/products?keyword= HTTP/1.1" 200 2268 "http://localhost:3000/" "Mozilla/5.0 (X11; Linux x86_64) AppleWebKit/537.36 (KHTML, like Gecko) Chrome/81.0.4044.122 Safari/537.36"
::1 - - [19/Mar/2021:15:00:22 +0000] "GET /api/products?keyword= HTTP/1.1" 200 2268 "http://localhost:3000/" "Mozilla/5.0 (X11; Linux x86_64) AppleWebKit/537.36 (KHTML, like Gecko) Chrome/81.0.4044.122 Safari/537.36"
::1 - - [19/Mar/2021:15:01:09 +0000] "OPTIONS /api/products/top HTTP/1.1" 204 0 "http://localhost:3000/" "Mozilla/5.0 (X11; Linux x86_64) AppleWebKit/537.36 (KHTML, like Gecko) Chrome/81.0.4044.122 Safari/537.36"
::1 - - [19/Mar/2021:15:01:10 +0000] "GET /api/products?keyword= HTTP/1.1" 200 2268 "http://localhost:3000/" "Mozilla/5.0 (X11; Linux x86_64) AppleWebKit/537.36 (KHTML, like Gecko) Chrome/81.0.4044.122 Safari/537.36"
::1 - - [19/Mar/2021:15:01:10 +0000] "GET /api/products/top HTTP/1.1" 200 1860 "http://localhost:3000/" "Mozilla/5.0 (X11; Linux x86_64) AppleWebKit/537.36 (KHTML, like Gecko) Chrome/81.0.4044.122 Safari/537.36"
::1 - - [19/Mar/2021:15:04:13 +0000] "GET /api/products?keyword= HTTP/1.1" 304 - "http://localhost:3000/admin/productlist" "Mozilla/5.0 (X11; Linux x86_64) AppleWebKit/537.36 (KHTML, like Gecko) Chrome/81.0.4044.122 Safari/537.36"
::1 - - [19/Mar/2021:15:04:14 +0000] "OPTIONS /api/orders/all-orders HTTP/1.1" 204 0 "http://localhost:3000/admin/orderlist" "Mozilla/5.0 (X11; Linux x86_64) AppleWebKit/537.36 (KHTML, like Gecko) Chrome/81.0.4044.122 Safari/537.36"
::1 - - [19/Mar/2021:15:04:17 +0000] "GET /api/orders/all-orders HTTP/1.1" 304 - "http://localhost:3000/admin/orderlist" "Mozilla/5.0 (X11; Linux x86_64) AppleWebKit/537.36 (KHTML, like Gecko) Chrome/81.0.4044.122 Safari/537.36"
::1 - - [19/Mar/2021:15:04:18 +0000] "GET /api/products?keyword= HTTP/1.1" 304 - "http://localhost:3000/" "Mozilla/5.0 (X11; Linux x86_64) AppleWebKit/537.36 (KHTML, like Gecko) Chrome/81.0.4044.122 Safari/537.36"
::1 - - [19/Mar/2021:15:05:28 +0000] "GET /api/products?keyword= HTTP/1.1" 304 - "http://localhost:3000/" "Mozilla/5.0 (X11; Linux x86_64) AppleWebKit/537.36 (KHTML, like Gecko) Chrome/81.0.4044.122 Safari/537.36"
::1 - - [19/Mar/2021:15:05:28 +0000] "GET /api/products?keyword= HTTP/1.1" 304 - "http://localhost:3000/" "Mozilla/5.0 (X11; Linux x86_64) AppleWebKit/537.36 (KHTML, like Gecko) Chrome/81.0.4044.122 Safari/537.36"
::1 - - [19/Mar/2021:15:05:29 +0000] "GET /api/products?keyword= HTTP/1.1" 304 - "http://localhost:3000/" "Mozilla/5.0 (X11; Linux x86_64) AppleWebKit/537.36 (KHTML, like Gecko) Chrome/81.0.4044.122 Safari/537.36"
::1 - - [19/Mar/2021:15:05:58 +0000] "GET /api/products?keyword= HTTP/1.1" - - "http://localhost:3000/" "Mozilla/5.0 (X11; Linux x86_64) AppleWebKit/537.36 (KHTML, like Gecko) Chrome/81.0.4044.122 Safari/537.36"
::1 - - [19/Mar/2021:15:06:01 +0000] "GET /api/products?keyword= HTTP/1.1" 200 2268 "http://localhost:3000/" "Mozilla/5.0 (X11; Linux x86_64) AppleWebKit/537.36 (KHTML, like Gecko) Chrome/81.0.4044.122 Safari/537.36"
::1 - - [19/Mar/2021:15:06:01 +0000] "GET /api/products?keyword= HTTP/1.1" 304 - "http://localhost:3000/" "Mozilla/5.0 (X11; Linux x86_64) AppleWebKit/537.36 (KHTML, like Gecko) Chrome/81.0.4044.122 Safari/537.36"
::1 - - [19/Mar/2021:15:06:11 +0000] "GET /api/products?keyword= HTTP/1.1" 304 - "http://localhost:3000/" "Mozilla/5.0 (X11; Linux x86_64) AppleWebKit/537.36 (KHTML, like Gecko) Chrome/81.0.4044.122 Safari/537.36"
::1 - - [19/Mar/2021:15:06:22 +0000] "OPTIONS /api/users/login HTTP/1.1" 204 0 "http://localhost:3000/login" "Mozilla/5.0 (X11; Linux x86_64) AppleWebKit/537.36 (KHTML, like Gecko) Chrome/81.0.4044.122 Safari/537.36"
::1 - - [19/Mar/2021:15:06:23 +0000] "POST /api/users/login HTTP/1.1" 200 342 "http://localhost:3000/login" "Mozilla/5.0 (X11; Linux x86_64) AppleWebKit/537.36 (KHTML, like Gecko) Chrome/81.0.4044.122 Safari/537.36"
::1 - - [19/Mar/2021:15:06:23 +0000] "OPTIONS /api/products/top HTTP/1.1" 204 0 "http://localhost:3000/" "Mozilla/5.0 (X11; Linux x86_64) AppleWebKit/537.36 (KHTML, like Gecko) Chrome/81.0.4044.122 Safari/537.36"
::1 - - [19/Mar/2021:15:06:23 +0000] "GET /api/products/top HTTP/1.1" 304 - "http://localhost:3000/" "Mozilla/5.0 (X11; Linux x86_64) AppleWebKit/537.36 (KHTML, like Gecko) Chrome/81.0.4044.122 Safari/537.36"
::1 - - [19/Mar/2021:15:06:23 +0000] "GET /api/products?keyword= HTTP/1.1" 304 - "http://localhost:3000/" "Mozilla/5.0 (X11; Linux x86_64) AppleWebKit/537.36 (KHTML, like Gecko) Chrome/81.0.4044.122 Safari/537.36"
::1 - - [19/Mar/2021:16:07:10 +0000] "OPTIONS /api/products/top HTTP/1.1" 204 0 "http://localhost:3000/" "Mozilla/5.0 (X11; Linux x86_64) AppleWebKit/537.36 (KHTML, like Gecko) Chrome/81.0.4044.122 Safari/537.36"
::1 - - [19/Mar/2021:16:07:10 +0000] "GET /api/products?keyword= HTTP/1.1" 304 - "http://localhost:3000/" "Mozilla/5.0 (X11; Linux x86_64) AppleWebKit/537.36 (KHTML, like Gecko) Chrome/81.0.4044.122 Safari/537.36"
::1 - - [19/Mar/2021:16:07:11 +0000] "GET /api/products/top HTTP/1.1" 304 - "http://localhost:3000/" "Mozilla/5.0 (X11; Linux x86_64) AppleWebKit/537.36 (KHTML, like Gecko) Chrome/81.0.4044.122 Safari/537.36"
::1 - - [19/Mar/2021:16:08:31 +0000] "GET /api/products?keyword= HTTP/1.1" 304 - "http://localhost:3000/" "Mozilla/5.0 (X11; Linux x86_64) AppleWebKit/537.36 (KHTML, like Gecko) Chrome/81.0.4044.122 Safari/537.36"
::1 - - [19/Mar/2021:16:08:39 +0000] "OPTIONS /api/products/top HTTP/1.1" 204 0 "http://localhost:3000/" "Mozilla/5.0 (X11; Linux x86_64) AppleWebKit/537.36 (KHTML, like Gecko) Chrome/81.0.4044.122 Safari/537.36"
::1 - - [19/Mar/2021:16:08:54 +0000] "OPTIONS /api/products/top HTTP/1.1" 204 0 "http://localhost:3000/" "Mozilla/5.0 (X11; Linux x86_64) AppleWebKit/537.36 (KHTML, like Gecko) Chrome/81.0.4044.122 Safari/537.36"
::1 - - [19/Mar/2021:16:08:54 +0000] "GET /api/products?keyword= HTTP/1.1" 304 - "http://localhost:3000/" "Mozilla/5.0 (X11; Linux x86_64) AppleWebKit/537.36 (KHTML, like Gecko) Chrome/81.0.4044.122 Safari/537.36"
::1 - - [19/Mar/2021:16:08:55 +0000] "GET /api/products/top HTTP/1.1" 304 - "http://localhost:3000/" "Mozilla/5.0 (X11; Linux x86_64) AppleWebKit/537.36 (KHTML, like Gecko) Chrome/81.0.4044.122 Safari/537.36"
::1 - - [19/Mar/2021:16:09:54 +0000] "OPTIONS /api/products/top HTTP/1.1" 204 0 "http://localhost:3000/" "Mozilla/5.0 (X11; Linux x86_64) AppleWebKit/537.36 (KHTML, like Gecko) Chrome/81.0.4044.122 Safari/537.36"
::1 - - [19/Mar/2021:16:09:55 +0000] "GET /api/products/top HTTP/1.1" 304 - "http://localhost:3000/" "Mozilla/5.0 (X11; Linux x86_64) AppleWebKit/537.36 (KHTML, like Gecko) Chrome/81.0.4044.122 Safari/537.36"
::1 - - [19/Mar/2021:16:09:55 +0000] "GET /api/products?keyword= HTTP/1.1" 304 - "http://localhost:3000/" "Mozilla/5.0 (X11; Linux x86_64) AppleWebKit/537.36 (KHTML, like Gecko) Chrome/81.0.4044.122 Safari/537.36"
::1 - - [22/Mar/2021:12:18:35 +0000] "OPTIONS /api/products/top HTTP/1.1" 204 0 "http://localhost:3000/" "Mozilla/5.0 (X11; Linux x86_64) AppleWebKit/537.36 (KHTML, like Gecko) Chrome/81.0.4044.122 Safari/537.36"
::1 - - [22/Mar/2021:12:18:35 +0000] "GET /api/products/top HTTP/1.1" 403 48 "http://localhost:3000/" "Mozilla/5.0 (X11; Linux x86_64) AppleWebKit/537.36 (KHTML, like Gecko) Chrome/81.0.4044.122 Safari/537.36"
::1 - - [22/Mar/2021:12:18:36 +0000] "GET /api/products?keyword= HTTP/1.1" 200 2268 "http://localhost:3000/" "Mozilla/5.0 (X11; Linux x86_64) AppleWebKit/537.36 (KHTML, like Gecko) Chrome/81.0.4044.122 Safari/537.36"
::1 - - [22/Mar/2021:13:27:19 +0000] "OPTIONS /api/users/login HTTP/1.1" 204 0 "http://localhost:3000/login" "Mozilla/5.0 (X11; Linux x86_64) AppleWebKit/537.36 (KHTML, like Gecko) Chrome/81.0.4044.122 Safari/537.36"
::1 - - [22/Mar/2021:13:27:20 +0000] "POST /api/users/login HTTP/1.1" 200 342 "http://localhost:3000/login" "Mozilla/5.0 (X11; Linux x86_64) AppleWebKit/537.36 (KHTML, like Gecko) Chrome/81.0.4044.122 Safari/537.36"
::1 - - [22/Mar/2021:13:27:20 +0000] "OPTIONS /api/products/top HTTP/1.1" 204 0 "http://localhost:3000/" "Mozilla/5.0 (X11; Linux x86_64) AppleWebKit/537.36 (KHTML, like Gecko) Chrome/81.0.4044.122 Safari/537.36"
::1 - - [22/Mar/2021:13:27:20 +0000] "GET /api/products?keyword= HTTP/1.1" 304 - "http://localhost:3000/" "Mozilla/5.0 (X11; Linux x86_64) AppleWebKit/537.36 (KHTML, like Gecko) Chrome/81.0.4044.122 Safari/537.36"
::1 - - [22/Mar/2021:13:27:20 +0000] "GET /api/products/top HTTP/1.1" 200 1860 "http://localhost:3000/" "Mozilla/5.0 (X11; Linux x86_64) AppleWebKit/537.36 (KHTML, like Gecko) Chrome/81.0.4044.122 Safari/537.36"
::1 - - [22/Mar/2021:13:27:26 +0000] "GET /api/products?keyword= HTTP/1.1" 304 - "http://localhost:3000/admin/productlist" "Mozilla/5.0 (X11; Linux x86_64) AppleWebKit/537.36 (KHTML, like Gecko) Chrome/81.0.4044.122 Safari/537.36"
::1 - - [22/Mar/2021:13:27:27 +0000] "OPTIONS /api/products/create HTTP/1.1" 204 0 "http://localhost:3000/admin/productlist" "Mozilla/5.0 (X11; Linux x86_64) AppleWebKit/537.36 (KHTML, like Gecko) Chrome/81.0.4044.122 Safari/537.36"
::1 - - [22/Mar/2021:13:27:29 +0000] "POST /api/products/create HTTP/1.1" 201 427 "http://localhost:3000/admin/productlist" "Mozilla/5.0 (X11; Linux x86_64) AppleWebKit/537.36 (KHTML, like Gecko) Chrome/81.0.4044.122 Safari/537.36"
::1 - - [22/Mar/2021:13:27:29 +0000] "GET /api/products/60589b400ecbec1cf0c62493 HTTP/1.1" 200 420 "http://localhost:3000/admin/product/60589b400ecbec1cf0c62493/edit" "Mozilla/5.0 (X11; Linux x86_64) AppleWebKit/537.36 (KHTML, like Gecko) Chrome/81.0.4044.122 Safari/537.36"
::1 - - [22/Mar/2021:13:28:19 +0000] "OPTIONS /api/orders/all-orders HTTP/1.1" 204 0 "http://localhost:3000/admin/orderlist" "Mozilla/5.0 (X11; Linux x86_64) AppleWebKit/537.36 (KHTML, like Gecko) Chrome/81.0.4044.122 Safari/537.36"
::1 - - [22/Mar/2021:13:28:20 +0000] "GET /api/orders/all-orders HTTP/1.1" 200 7502 "http://localhost:3000/admin/orderlist" "Mozilla/5.0 (X11; Linux x86_64) AppleWebKit/537.36 (KHTML, like Gecko) Chrome/81.0.4044.122 Safari/537.36"
::1 - - [22/Mar/2021:13:28:21 +0000] "OPTIONS /api/users/profile HTTP/1.1" 204 0 "http://localhost:3000/profile" "Mozilla/5.0 (X11; Linux x86_64) AppleWebKit/537.36 (KHTML, like Gecko) Chrome/81.0.4044.122 Safari/537.36"
::1 - - [22/Mar/2021:13:28:21 +0000] "OPTIONS /api/orders/my-orders HTTP/1.1" 204 0 "http://localhost:3000/profile" "Mozilla/5.0 (X11; Linux x86_64) AppleWebKit/537.36 (KHTML, like Gecko) Chrome/81.0.4044.122 Safari/537.36"
::1 - - [22/Mar/2021:13:28:22 +0000] "GET /api/users/profile HTTP/1.1" 304 - "http://localhost:3000/profile" "Mozilla/5.0 (X11; Linux x86_64) AppleWebKit/537.36 (KHTML, like Gecko) Chrome/81.0.4044.122 Safari/537.36"
::1 - - [22/Mar/2021:13:28:22 +0000] "GET /api/orders/my-orders HTTP/1.1" 200 7502 "http://localhost:3000/profile" "Mozilla/5.0 (X11; Linux x86_64) AppleWebKit/537.36 (KHTML, like Gecko) Chrome/81.0.4044.122 Safari/537.36"
::1 - - [22/Mar/2021:13:28:27 +0000] "OPTIONS /api/users/profile HTTP/1.1" 204 0 "http://localhost:3000/profile" "Mozilla/5.0 (X11; Linux x86_64) AppleWebKit/537.36 (KHTML, like Gecko) Chrome/81.0.4044.122 Safari/537.36"
::1 - - [22/Mar/2021:13:28:28 +0000] "PUT /api/users/profile HTTP/1.1" 200 320 "http://localhost:3000/profile" "Mozilla/5.0 (X11; Linux x86_64) AppleWebKit/537.36 (KHTML, like Gecko) Chrome/81.0.4044.122 Safari/537.36"
::1 - - [22/Mar/2021:13:28:31 +0000] "OPTIONS /api/orders/my-orders HTTP/1.1" 204 0 "http://localhost:3000/profile" "Mozilla/5.0 (X11; Linux x86_64) AppleWebKit/537.36 (KHTML, like Gecko) Chrome/81.0.4044.122 Safari/537.36"
::1 - - [22/Mar/2021:13:28:32 +0000] "GET /api/users/profile HTTP/1.1" 200 160 "http://localhost:3000/profile" "Mozilla/5.0 (X11; Linux x86_64) AppleWebKit/537.36 (KHTML, like Gecko) Chrome/81.0.4044.122 Safari/537.36"
::1 - - [22/Mar/2021:13:28:32 +0000] "GET /api/orders/my-orders HTTP/1.1" 200 7511 "http://localhost:3000/profile" "Mozilla/5.0 (X11; Linux x86_64) AppleWebKit/537.36 (KHTML, like Gecko) Chrome/81.0.4044.122 Safari/537.36"
::1 - - [22/Mar/2021:13:28:34 +0000] "OPTIONS /api/users HTTP/1.1" 204 0 "http://localhost:3000/admin/userlist" "Mozilla/5.0 (X11; Linux x86_64) AppleWebKit/537.36 (KHTML, like Gecko) Chrome/81.0.4044.122 Safari/537.36"
::1 - - [22/Mar/2021:13:28:35 +0000] "GET /api/users HTTP/1.1" 200 1179 "http://localhost:3000/admin/userlist" "Mozilla/5.0 (X11; Linux x86_64) AppleWebKit/537.36 (KHTML, like Gecko) Chrome/81.0.4044.122 Safari/537.36"
::1 - - [22/Mar/2021:13:28:36 +0000] "OPTIONS /api/users/profile HTTP/1.1" 204 0 "http://localhost:3000/profile" "Mozilla/5.0 (X11; Linux x86_64) AppleWebKit/537.36 (KHTML, like Gecko) Chrome/81.0.4044.122 Safari/537.36"
::1 - - [22/Mar/2021:13:28:36 +0000] "GET /api/users/profile HTTP/1.1" 304 - "http://localhost:3000/profile" "Mozilla/5.0 (X11; Linux x86_64) AppleWebKit/537.36 (KHTML, like Gecko) Chrome/81.0.4044.122 Safari/537.36"
::1 - - [22/Mar/2021:13:28:36 +0000] "GET /api/orders/my-orders HTTP/1.1" 304 - "http://localhost:3000/profile" "Mozilla/5.0 (X11; Linux x86_64) AppleWebKit/537.36 (KHTML, like Gecko) Chrome/81.0.4044.122 Safari/537.36"
::1 - - [22/Mar/2021:13:28:48 +0000] "OPTIONS /api/users HTTP/1.1" 204 0 "http://localhost:3000/admin/userlist" "Mozilla/5.0 (X11; Linux x86_64) AppleWebKit/537.36 (KHTML, like Gecko) Chrome/81.0.4044.122 Safari/537.36"
::1 - - [22/Mar/2021:13:28:48 +0000] "GET /api/users HTTP/1.1" 304 - "http://localhost:3000/admin/userlist" "Mozilla/5.0 (X11; Linux x86_64) AppleWebKit/537.36 (KHTML, like Gecko) Chrome/81.0.4044.122 Safari/537.36"
::1 - - [22/Mar/2021:13:28:51 +0000] "GET /api/products?keyword= HTTP/1.1" 200 2658 "http://localhost:3000/admin/productlist" "Mozilla/5.0 (X11; Linux x86_64) AppleWebKit/537.36 (KHTML, like Gecko) Chrome/81.0.4044.122 Safari/537.36"
::1 - - [22/Mar/2021:13:28:53 +0000] "OPTIONS /api/orders/all-orders HTTP/1.1" 204 0 "http://localhost:3000/admin/orderlist" "Mozilla/5.0 (X11; Linux x86_64) AppleWebKit/537.36 (KHTML, like Gecko) Chrome/81.0.4044.122 Safari/537.36"
::1 - - [22/Mar/2021:13:28:54 +0000] "GET /api/orders/all-orders HTTP/1.1" 200 7511 "http://localhost:3000/admin/orderlist" "Mozilla/5.0 (X11; Linux x86_64) AppleWebKit/537.36 (KHTML, like Gecko) Chrome/81.0.4044.122 Safari/537.36"
::1 - - [22/Mar/2021:13:28:55 +0000] "OPTIONS /api/users/profile HTTP/1.1" 204 0 "http://localhost:3000/profile" "Mozilla/5.0 (X11; Linux x86_64) AppleWebKit/537.36 (KHTML, like Gecko) Chrome/81.0.4044.122 Safari/537.36"
::1 - - [22/Mar/2021:13:28:55 +0000] "OPTIONS /api/orders/my-orders HTTP/1.1" 204 0 "http://localhost:3000/profile" "Mozilla/5.0 (X11; Linux x86_64) AppleWebKit/537.36 (KHTML, like Gecko) Chrome/81.0.4044.122 Safari/537.36"
::1 - - [22/Mar/2021:13:28:56 +0000] "GET /api/orders/my-orders HTTP/1.1" 304 - "http://localhost:3000/profile" "Mozilla/5.0 (X11; Linux x86_64) AppleWebKit/537.36 (KHTML, like Gecko) Chrome/81.0.4044.122 Safari/537.36"
::1 - - [22/Mar/2021:13:28:56 +0000] "GET /api/users/profile HTTP/1.1" 304 - "http://localhost:3000/profile" "Mozilla/5.0 (X11; Linux x86_64) AppleWebKit/537.36 (KHTML, like Gecko) Chrome/81.0.4044.122 Safari/537.36"
::1 - - [22/Mar/2021:14:18:19 +0000] "OPTIONS /api/users/profile HTTP/1.1" 204 0 "http://localhost:3000/profile" "Mozilla/5.0 (X11; Linux x86_64) AppleWebKit/537.36 (KHTML, like Gecko) Chrome/81.0.4044.122 Safari/537.36"
::1 - - [22/Mar/2021:14:18:19 +0000] "OPTIONS /api/orders/my-orders HTTP/1.1" 204 0 "http://localhost:3000/profile" "Mozilla/5.0 (X11; Linux x86_64) AppleWebKit/537.36 (KHTML, like Gecko) Chrome/81.0.4044.122 Safari/537.36"
::1 - - [22/Mar/2021:14:18:24 +0000] "GET /api/users/profile HTTP/1.1" 304 - "http://localhost:3000/profile" "Mozilla/5.0 (X11; Linux x86_64) AppleWebKit/537.36 (KHTML, like Gecko) Chrome/81.0.4044.122 Safari/537.36"
::1 - - [22/Mar/2021:14:18:24 +0000] "GET /api/orders/my-orders HTTP/1.1" 304 - "http://localhost:3000/profile" "Mozilla/5.0 (X11; Linux x86_64) AppleWebKit/537.36 (KHTML, like Gecko) Chrome/81.0.4044.122 Safari/537.36"
::1 - - [22/Mar/2021:14:18:29 +0000] "OPTIONS /api/users HTTP/1.1" 204 0 "http://localhost:3000/admin/userlist" "Mozilla/5.0 (X11; Linux x86_64) AppleWebKit/537.36 (KHTML, like Gecko) Chrome/81.0.4044.122 Safari/537.36"
::1 - - [22/Mar/2021:14:18:30 +0000] "GET /api/users HTTP/1.1" 304 - "http://localhost:3000/admin/userlist" "Mozilla/5.0 (X11; Linux x86_64) AppleWebKit/537.36 (KHTML, like Gecko) Chrome/81.0.4044.122 Safari/537.36"
::1 - - [22/Mar/2021:14:18:32 +0000] "GET /api/products?keyword= HTTP/1.1" 304 - "http://localhost:3000/admin/productlist" "Mozilla/5.0 (X11; Linux x86_64) AppleWebKit/537.36 (KHTML, like Gecko) Chrome/81.0.4044.122 Safari/537.36"
::1 - - [22/Mar/2021:14:18:33 +0000] "OPTIONS /api/orders/all-orders HTTP/1.1" 204 0 "http://localhost:3000/admin/orderlist" "Mozilla/5.0 (X11; Linux x86_64) AppleWebKit/537.36 (KHTML, like Gecko) Chrome/81.0.4044.122 Safari/537.36"
::1 - - [22/Mar/2021:14:18:34 +0000] "GET /api/orders/all-orders HTTP/1.1" 304 - "http://localhost:3000/admin/orderlist" "Mozilla/5.0 (X11; Linux x86_64) AppleWebKit/537.36 (KHTML, like Gecko) Chrome/81.0.4044.122 Safari/537.36"
::1 - - [22/Mar/2021:14:18:35 +0000] "OPTIONS /api/users/profile HTTP/1.1" 204 0 "http://localhost:3000/profile" "Mozilla/5.0 (X11; Linux x86_64) AppleWebKit/537.36 (KHTML, like Gecko) Chrome/81.0.4044.122 Safari/537.36"
::1 - - [22/Mar/2021:14:18:35 +0000] "OPTIONS /api/orders/my-orders HTTP/1.1" 204 0 "http://localhost:3000/profile" "Mozilla/5.0 (X11; Linux x86_64) AppleWebKit/537.36 (KHTML, like Gecko) Chrome/81.0.4044.122 Safari/537.36"
::1 - - [22/Mar/2021:14:18:36 +0000] "GET /api/orders/my-orders HTTP/1.1" 304 - "http://localhost:3000/profile" "Mozilla/5.0 (X11; Linux x86_64) AppleWebKit/537.36 (KHTML, like Gecko) Chrome/81.0.4044.122 Safari/537.36"
::1 - - [22/Mar/2021:14:18:36 +0000] "GET /api/users/profile HTTP/1.1" 304 - "http://localhost:3000/profile" "Mozilla/5.0 (X11; Linux x86_64) AppleWebKit/537.36 (KHTML, like Gecko) Chrome/81.0.4044.122 Safari/537.36"
::1 - - [22/Mar/2021:14:23:33 +0000] "OPTIONS /api/products/top HTTP/1.1" 204 0 "http://localhost:3000/" "Mozilla/5.0 (X11; Linux x86_64) AppleWebKit/537.36 (KHTML, like Gecko) Chrome/81.0.4044.122 Safari/537.36"
::1 - - [22/Mar/2021:14:23:37 +0000] "GET /api/products/top HTTP/1.1" 304 - "http://localhost:3000/" "Mozilla/5.0 (X11; Linux x86_64) AppleWebKit/537.36 (KHTML, like Gecko) Chrome/81.0.4044.122 Safari/537.36"
::1 - - [22/Mar/2021:14:23:38 +0000] "GET /api/products?keyword= HTTP/1.1" 304 - "http://localhost:3000/" "Mozilla/5.0 (X11; Linux x86_64) AppleWebKit/537.36 (KHTML, like Gecko) Chrome/81.0.4044.122 Safari/537.36"
::1 - - [22/Mar/2021:14:34:09 +0000] "OPTIONS /api/users/profile HTTP/1.1" 204 0 "http://localhost:3000/profile" "Mozilla/5.0 (X11; Linux x86_64) AppleWebKit/537.36 (KHTML, like Gecko) Chrome/81.0.4044.122 Safari/537.36"
::1 - - [22/Mar/2021:14:34:09 +0000] "OPTIONS /api/orders/my-orders HTTP/1.1" 204 0 "http://localhost:3000/profile" "Mozilla/5.0 (X11; Linux x86_64) AppleWebKit/537.36 (KHTML, like Gecko) Chrome/81.0.4044.122 Safari/537.36"
::1 - - [22/Mar/2021:14:34:15 +0000] "GET /api/users/profile HTTP/1.1" 304 - "http://localhost:3000/profile" "Mozilla/5.0 (X11; Linux x86_64) AppleWebKit/537.36 (KHTML, like Gecko) Chrome/81.0.4044.122 Safari/537.36"
::1 - - [22/Mar/2021:14:34:16 +0000] "GET /api/orders/my-orders HTTP/1.1" 304 - "http://localhost:3000/profile" "Mozilla/5.0 (X11; Linux x86_64) AppleWebKit/537.36 (KHTML, like Gecko) Chrome/81.0.4044.122 Safari/537.36"
::1 - - [22/Mar/2021:14:36:30 +0000] "OPTIONS /api/users HTTP/1.1" 204 0 "http://localhost:3000/admin/userlist" "Mozilla/5.0 (X11; Linux x86_64) AppleWebKit/537.36 (KHTML, like Gecko) Chrome/81.0.4044.122 Safari/537.36"
::1 - - [22/Mar/2021:14:36:30 +0000] "GET /api/users HTTP/1.1" 304 - "http://localhost:3000/admin/userlist" "Mozilla/5.0 (X11; Linux x86_64) AppleWebKit/537.36 (KHTML, like Gecko) Chrome/81.0.4044.122 Safari/537.36"
::1 - - [22/Mar/2021:14:36:33 +0000] "OPTIONS /api/orders/all-orders HTTP/1.1" 204 0 "http://localhost:3000/admin/orderList" "Mozilla/5.0 (X11; Linux x86_64) AppleWebKit/537.36 (KHTML, like Gecko) Chrome/81.0.4044.122 Safari/537.36"
::1 - - [22/Mar/2021:14:36:35 +0000] "GET /api/orders/all-orders HTTP/1.1" 304 - "http://localhost:3000/admin/orderList" "Mozilla/5.0 (X11; Linux x86_64) AppleWebKit/537.36 (KHTML, like Gecko) Chrome/81.0.4044.122 Safari/537.36"
::1 - - [22/Mar/2021:14:36:38 +0000] "GET /api/products?keyword= HTTP/1.1" 304 - "http://localhost:3000/admin/productlist" "Mozilla/5.0 (X11; Linux x86_64) AppleWebKit/537.36 (KHTML, like Gecko) Chrome/81.0.4044.122 Safari/537.36"
::1 - - [22/Mar/2021:14:36:40 +0000] "OPTIONS /api/users/profile HTTP/1.1" 204 0 "http://localhost:3000/profile" "Mozilla/5.0 (X11; Linux x86_64) AppleWebKit/537.36 (KHTML, like Gecko) Chrome/81.0.4044.122 Safari/537.36"
::1 - - [22/Mar/2021:14:36:40 +0000] "OPTIONS /api/orders/my-orders HTTP/1.1" 204 0 "http://localhost:3000/profile" "Mozilla/5.0 (X11; Linux x86_64) AppleWebKit/537.36 (KHTML, like Gecko) Chrome/81.0.4044.122 Safari/537.36"
::1 - - [22/Mar/2021:14:36:41 +0000] "GET /api/orders/my-orders HTTP/1.1" 304 - "http://localhost:3000/profile" "Mozilla/5.0 (X11; Linux x86_64) AppleWebKit/537.36 (KHTML, like Gecko) Chrome/81.0.4044.122 Safari/537.36"
::1 - - [22/Mar/2021:14:36:41 +0000] "GET /api/users/profile HTTP/1.1" 304 - "http://localhost:3000/profile" "Mozilla/5.0 (X11; Linux x86_64) AppleWebKit/537.36 (KHTML, like Gecko) Chrome/81.0.4044.122 Safari/537.36"
::1 - - [22/Mar/2021:14:38:04 +0000] "OPTIONS /api/users/profile HTTP/1.1" 204 0 "http://localhost:3000/profile" "Mozilla/5.0 (X11; Linux x86_64) AppleWebKit/537.36 (KHTML, like Gecko) Chrome/81.0.4044.122 Safari/537.36"
::1 - - [22/Mar/2021:14:38:04 +0000] "OPTIONS /api/orders/my-orders HTTP/1.1" 204 0 "http://localhost:3000/profile" "Mozilla/5.0 (X11; Linux x86_64) AppleWebKit/537.36 (KHTML, like Gecko) Chrome/81.0.4044.122 Safari/537.36"
::1 - - [22/Mar/2021:14:38:05 +0000] "GET /api/users/profile HTTP/1.1" 304 - "http://localhost:3000/profile" "Mozilla/5.0 (X11; Linux x86_64) AppleWebKit/537.36 (KHTML, like Gecko) Chrome/81.0.4044.122 Safari/537.36"
::1 - - [22/Mar/2021:14:38:05 +0000] "GET /api/orders/my-orders HTTP/1.1" 304 - "http://localhost:3000/profile" "Mozilla/5.0 (X11; Linux x86_64) AppleWebKit/537.36 (KHTML, like Gecko) Chrome/81.0.4044.122 Safari/537.36"
::1 - - [22/Mar/2021:14:39:33 +0000] "OPTIONS /api/users/profile HTTP/1.1" 204 0 "http://localhost:3000/profile" "Mozilla/5.0 (X11; Linux x86_64) AppleWebKit/537.36 (KHTML, like Gecko) Chrome/81.0.4044.122 Safari/537.36"
::1 - - [22/Mar/2021:14:39:33 +0000] "OPTIONS /api/orders/my-orders HTTP/1.1" 204 0 "http://localhost:3000/profile" "Mozilla/5.0 (X11; Linux x86_64) AppleWebKit/537.36 (KHTML, like Gecko) Chrome/81.0.4044.122 Safari/537.36"
::1 - - [22/Mar/2021:14:39:37 +0000] "GET /api/users/profile HTTP/1.1" 304 - "http://localhost:3000/profile" "Mozilla/5.0 (X11; Linux x86_64) AppleWebKit/537.36 (KHTML, like Gecko) Chrome/81.0.4044.122 Safari/537.36"
::1 - - [22/Mar/2021:14:39:38 +0000] "GET /api/orders/my-orders HTTP/1.1" 304 - "http://localhost:3000/profile" "Mozilla/5.0 (X11; Linux x86_64) AppleWebKit/537.36 (KHTML, like Gecko) Chrome/81.0.4044.122 Safari/537.36"
::1 - - [22/Mar/2021:14:40:11 +0000] "GET /api/products?keyword= HTTP/1.1" 304 - "http://localhost:3000/" "Mozilla/5.0 (X11; Linux x86_64) AppleWebKit/537.36 (KHTML, like Gecko) Chrome/81.0.4044.122 Safari/537.36"
::1 - - [22/Mar/2021:14:40:17 +0000] "OPTIONS /api/users/login HTTP/1.1" 204 0 "http://localhost:3000/login" "Mozilla/5.0 (X11; Linux x86_64) AppleWebKit/537.36 (KHTML, like Gecko) Chrome/81.0.4044.122 Safari/537.36"
::1 - - [22/Mar/2021:14:40:18 +0000] "POST /api/users/login HTTP/1.1" 200 343 "http://localhost:3000/login" "Mozilla/5.0 (X11; Linux x86_64) AppleWebKit/537.36 (KHTML, like Gecko) Chrome/81.0.4044.122 Safari/537.36"
::1 - - [22/Mar/2021:14:40:18 +0000] "OPTIONS /api/products/top HTTP/1.1" 204 0 "http://localhost:3000/" "Mozilla/5.0 (X11; Linux x86_64) AppleWebKit/537.36 (KHTML, like Gecko) Chrome/81.0.4044.122 Safari/537.36"
::1 - - [22/Mar/2021:14:40:18 +0000] "GET /api/products?keyword= HTTP/1.1" 304 - "http://localhost:3000/" "Mozilla/5.0 (X11; Linux x86_64) AppleWebKit/537.36 (KHTML, like Gecko) Chrome/81.0.4044.122 Safari/537.36"
::1 - - [22/Mar/2021:14:40:18 +0000] "GET /api/products/top HTTP/1.1" 304 - "http://localhost:3000/" "Mozilla/5.0 (X11; Linux x86_64) AppleWebKit/537.36 (KHTML, like Gecko) Chrome/81.0.4044.122 Safari/537.36"
::1 - - [22/Mar/2021:14:40:47 +0000] "OPTIONS /api/users HTTP/1.1" 204 0 "http://localhost:3000/admin/userlist" "Mozilla/5.0 (X11; Linux x86_64) AppleWebKit/537.36 (KHTML, like Gecko) Chrome/81.0.4044.122 Safari/537.36"
::1 - - [22/Mar/2021:14:40:48 +0000] "GET /api/users HTTP/1.1" 304 - "http://localhost:3000/admin/userlist" "Mozilla/5.0 (X11; Linux x86_64) AppleWebKit/537.36 (KHTML, like Gecko) Chrome/81.0.4044.122 Safari/537.36"
::1 - - [22/Mar/2021:14:40:50 +0000] "OPTIONS /api/orders/all-orders HTTP/1.1" 204 0 "http://localhost:3000/admin/orderList" "Mozilla/5.0 (X11; Linux x86_64) AppleWebKit/537.36 (KHTML, like Gecko) Chrome/81.0.4044.122 Safari/537.36"
::1 - - [22/Mar/2021:14:40:51 +0000] "GET /api/orders/all-orders HTTP/1.1" 304 - "http://localhost:3000/admin/orderList" "Mozilla/5.0 (X11; Linux x86_64) AppleWebKit/537.36 (KHTML, like Gecko) Chrome/81.0.4044.122 Safari/537.36"
::1 - - [22/Mar/2021:14:40:54 +0000] "GET /api/products?keyword= HTTP/1.1" 304 - "http://localhost:3000/admin/productlist" "Mozilla/5.0 (X11; Linux x86_64) AppleWebKit/537.36 (KHTML, like Gecko) Chrome/81.0.4044.122 Safari/537.36"
::1 - - [22/Mar/2021:14:42:16 +0000] "GET /api/products?keyword= HTTP/1.1" 304 - "http://localhost:3000/admin/productlist" "Mozilla/5.0 (X11; Linux x86_64) AppleWebKit/537.36 (KHTML, like Gecko) Chrome/81.0.4044.122 Safari/537.36"
::1 - - [22/Mar/2021:14:42:28 +0000] "GET /api/products?keyword= HTTP/1.1" 304 - "http://localhost:3000/" "Mozilla/5.0 (X11; Linux x86_64) AppleWebKit/537.36 (KHTML, like Gecko) Chrome/81.0.4044.122 Safari/537.36"
::1 - - [22/Mar/2021:14:42:29 +0000] "GET /api/products?keyword= HTTP/1.1" 304 - "http://localhost:3000/" "Mozilla/5.0 (X11; Linux x86_64) AppleWebKit/537.36 (KHTML, like Gecko) Chrome/81.0.4044.122 Safari/537.36"
::1 - - [22/Mar/2021:14:42:40 +0000] "OPTIONS /api/users/signup HTTP/1.1" 204 0 "http://localhost:3000/" "Mozilla/5.0 (X11; Linux x86_64) AppleWebKit/537.36 (KHTML, like Gecko) Chrome/81.0.4044.122 Safari/537.36"
::1 - - [22/Mar/2021:14:42:40 +0000] "GET /api/products?keyword= HTTP/1.1" 304 - "http://localhost:3000/" "Mozilla/5.0 (X11; Linux x86_64) AppleWebKit/537.36 (KHTML, like Gecko) Chrome/81.0.4044.122 Safari/537.36"
::1 - - [22/Mar/2021:14:42:41 +0000] "POST /api/users/signup HTTP/1.1" 200 335 "http://localhost:3000/" "Mozilla/5.0 (X11; Linux x86_64) AppleWebKit/537.36 (KHTML, like Gecko) Chrome/81.0.4044.122 Safari/537.36"
::1 - - [22/Mar/2021:14:42:46 +0000] "OPTIONS /api/users/login HTTP/1.1" 204 0 "http://localhost:3000/login" "Mozilla/5.0 (X11; Linux x86_64) AppleWebKit/537.36 (KHTML, like Gecko) Chrome/81.0.4044.122 Safari/537.36"
::1 - - [22/Mar/2021:14:42:47 +0000] "POST /api/users/login HTTP/1.1" 200 333 "http://localhost:3000/login" "Mozilla/5.0 (X11; Linux x86_64) AppleWebKit/537.36 (KHTML, like Gecko) Chrome/81.0.4044.122 Safari/537.36"
::1 - - [22/Mar/2021:14:42:47 +0000] "OPTIONS /api/products/top HTTP/1.1" 204 0 "http://localhost:3000/" "Mozilla/5.0 (X11; Linux x86_64) AppleWebKit/537.36 (KHTML, like Gecko) Chrome/81.0.4044.122 Safari/537.36"
::1 - - [22/Mar/2021:14:42:48 +0000] "GET /api/products/top HTTP/1.1" 304 - "http://localhost:3000/" "Mozilla/5.0 (X11; Linux x86_64) AppleWebKit/537.36 (KHTML, like Gecko) Chrome/81.0.4044.122 Safari/537.36"
::1 - - [22/Mar/2021:14:42:48 +0000] "GET /api/products?keyword= HTTP/1.1" 304 - "http://localhost:3000/" "Mozilla/5.0 (X11; Linux x86_64) AppleWebKit/537.36 (KHTML, like Gecko) Chrome/81.0.4044.122 Safari/537.36"
::1 - - [22/Mar/2021:14:42:50 +0000] "OPTIONS /api/users/profile HTTP/1.1" 204 0 "http://localhost:3000/profile" "Mozilla/5.0 (X11; Linux x86_64) AppleWebKit/537.36 (KHTML, like Gecko) Chrome/81.0.4044.122 Safari/537.36"
::1 - - [22/Mar/2021:14:42:50 +0000] "OPTIONS /api/orders/my-orders HTTP/1.1" 204 0 "http://localhost:3000/profile" "Mozilla/5.0 (X11; Linux x86_64) AppleWebKit/537.36 (KHTML, like Gecko) Chrome/81.0.4044.122 Safari/537.36"
::1 - - [22/Mar/2021:14:42:50 +0000] "GET /api/users/profile HTTP/1.1" 400 40 "http://localhost:3000/profile" "Mozilla/5.0 (X11; Linux x86_64) AppleWebKit/537.36 (KHTML, like Gecko) Chrome/81.0.4044.122 Safari/537.36"
::1 - - [22/Mar/2021:14:42:50 +0000] "GET /api/orders/my-orders HTTP/1.1" 200 32 "http://localhost:3000/profile" "Mozilla/5.0 (X11; Linux x86_64) AppleWebKit/537.36 (KHTML, like Gecko) Chrome/81.0.4044.122 Safari/537.36"
::1 - - [22/Mar/2021:14:42:59 +0000] "OPTIONS /api/products/top HTTP/1.1" 204 0 "http://localhost:3000/" "Mozilla/5.0 (X11; Linux x86_64) AppleWebKit/537.36 (KHTML, like Gecko) Chrome/81.0.4044.122 Safari/537.36"
::1 - - [22/Mar/2021:14:42:59 +0000] "GET /api/products?keyword= HTTP/1.1" 304 - "http://localhost:3000/" "Mozilla/5.0 (X11; Linux x86_64) AppleWebKit/537.36 (KHTML, like Gecko) Chrome/81.0.4044.122 Safari/537.36"
::1 - - [22/Mar/2021:14:42:59 +0000] "GET /api/products/top HTTP/1.1" 304 - "http://localhost:3000/" "Mozilla/5.0 (X11; Linux x86_64) AppleWebKit/537.36 (KHTML, like Gecko) Chrome/81.0.4044.122 Safari/537.36"
::1 - - [22/Mar/2021:14:43:08 +0000] "OPTIONS /api/users/profile HTTP/1.1" 204 0 "http://localhost:3000/profile" "Mozilla/5.0 (X11; Linux x86_64) AppleWebKit/537.36 (KHTML, like Gecko) Chrome/81.0.4044.122 Safari/537.36"
::1 - - [22/Mar/2021:14:43:08 +0000] "OPTIONS /api/orders/my-orders HTTP/1.1" 204 0 "http://localhost:3000/profile" "Mozilla/5.0 (X11; Linux x86_64) AppleWebKit/537.36 (KHTML, like Gecko) Chrome/81.0.4044.122 Safari/537.36"
::1 - - [22/Mar/2021:14:43:09 +0000] "GET /api/orders/my-orders HTTP/1.1" 304 - "http://localhost:3000/profile" "Mozilla/5.0 (X11; Linux x86_64) AppleWebKit/537.36 (KHTML, like Gecko) Chrome/81.0.4044.122 Safari/537.36"
::1 - - [22/Mar/2021:14:43:09 +0000] "GET /api/users/profile HTTP/1.1" 400 40 "http://localhost:3000/profile" "Mozilla/5.0 (X11; Linux x86_64) AppleWebKit/537.36 (KHTML, like Gecko) Chrome/81.0.4044.122 Safari/537.36"
::1 - - [22/Mar/2021:14:43:16 +0000] "GET /api/products?keyword= HTTP/1.1" 304 - "http://localhost:3000/" "Mozilla/5.0 (X11; Linux x86_64) AppleWebKit/537.36 (KHTML, like Gecko) Chrome/81.0.4044.122 Safari/537.36"
::1 - - [22/Mar/2021:14:43:22 +0000] "OPTIONS /api/users/login HTTP/1.1" 204 0 "http://localhost:3000/login" "Mozilla/5.0 (X11; Linux x86_64) AppleWebKit/537.36 (KHTML, like Gecko) Chrome/81.0.4044.122 Safari/537.36"
::1 - - [22/Mar/2021:14:43:23 +0000] "POST /api/users/login HTTP/1.1" 200 343 "http://localhost:3000/login" "Mozilla/5.0 (X11; Linux x86_64) AppleWebKit/537.36 (KHTML, like Gecko) Chrome/81.0.4044.122 Safari/537.36"
::1 - - [22/Mar/2021:14:43:23 +0000] "OPTIONS /api/products/top HTTP/1.1" 204 0 "http://localhost:3000/" "Mozilla/5.0 (X11; Linux x86_64) AppleWebKit/537.36 (KHTML, like Gecko) Chrome/81.0.4044.122 Safari/537.36"
::1 - - [22/Mar/2021:14:43:23 +0000] "GET /api/products?keyword= HTTP/1.1" 304 - "http://localhost:3000/" "Mozilla/5.0 (X11; Linux x86_64) AppleWebKit/537.36 (KHTML, like Gecko) Chrome/81.0.4044.122 Safari/537.36"
::1 - - [22/Mar/2021:14:43:23 +0000] "GET /api/products/top HTTP/1.1" 304 - "http://localhost:3000/" "Mozilla/5.0 (X11; Linux x86_64) AppleWebKit/537.36 (KHTML, like Gecko) Chrome/81.0.4044.122 Safari/537.36"
::1 - - [22/Mar/2021:14:44:22 +0000] "OPTIONS /api/products/top HTTP/1.1" 204 0 "http://localhost:3000/" "Mozilla/5.0 (X11; Linux x86_64) AppleWebKit/537.36 (KHTML, like Gecko) Chrome/81.0.4044.122 Safari/537.36"
::1 - - [22/Mar/2021:14:44:22 +0000] "GET /api/products/top HTTP/1.1" 304 - "http://localhost:3000/" "Mozilla/5.0 (X11; Linux x86_64) AppleWebKit/537.36 (KHTML, like Gecko) Chrome/81.0.4044.122 Safari/537.36"
::1 - - [22/Mar/2021:14:44:23 +0000] "GET /api/products?keyword= HTTP/1.1" 304 - "http://localhost:3000/" "Mozilla/5.0 (X11; Linux x86_64) AppleWebKit/537.36 (KHTML, like Gecko) Chrome/81.0.4044.122 Safari/537.36"
::1 - - [22/Mar/2021:14:44:25 +0000] "OPTIONS /api/orders/all-orders HTTP/1.1" 204 0 "http://localhost:3000/admin/orderList" "Mozilla/5.0 (X11; Linux x86_64) AppleWebKit/537.36 (KHTML, like Gecko) Chrome/81.0.4044.122 Safari/537.36"
::1 - - [22/Mar/2021:14:44:26 +0000] "GET /api/orders/all-orders HTTP/1.1" 304 - "http://localhost:3000/admin/orderList" "Mozilla/5.0 (X11; Linux x86_64) AppleWebKit/537.36 (KHTML, like Gecko) Chrome/81.0.4044.122 Safari/537.36"
::1 - - [22/Mar/2021:14:44:28 +0000] "GET /api/products?keyword= HTTP/1.1" 304 - "http://localhost:3000/admin/productlist" "Mozilla/5.0 (X11; Linux x86_64) AppleWebKit/537.36 (KHTML, like Gecko) Chrome/81.0.4044.122 Safari/537.36"
::1 - - [22/Mar/2021:14:44:30 +0000] "OPTIONS /api/users/profile HTTP/1.1" 204 0 "http://localhost:3000/profile" "Mozilla/5.0 (X11; Linux x86_64) AppleWebKit/537.36 (KHTML, like Gecko) Chrome/81.0.4044.122 Safari/537.36"
::1 - - [22/Mar/2021:14:44:30 +0000] "OPTIONS /api/orders/my-orders HTTP/1.1" 204 0 "http://localhost:3000/profile" "Mozilla/5.0 (X11; Linux x86_64) AppleWebKit/537.36 (KHTML, like Gecko) Chrome/81.0.4044.122 Safari/537.36"
::1 - - [22/Mar/2021:14:44:31 +0000] "GET /api/orders/my-orders HTTP/1.1" 200 7511 "http://localhost:3000/profile" "Mozilla/5.0 (X11; Linux x86_64) AppleWebKit/537.36 (KHTML, like Gecko) Chrome/81.0.4044.122 Safari/537.36"
::1 - - [22/Mar/2021:14:44:31 +0000] "GET /api/users/profile HTTP/1.1" 200 160 "http://localhost:3000/profile" "Mozilla/5.0 (X11; Linux x86_64) AppleWebKit/537.36 (KHTML, like Gecko) Chrome/81.0.4044.122 Safari/537.36"
::1 - - [22/Mar/2021:14:45:06 +0000] "OPTIONS /api/users HTTP/1.1" 204 0 "http://localhost:3000/admin/userlist" "Mozilla/5.0 (X11; Linux x86_64) AppleWebKit/537.36 (KHTML, like Gecko) Chrome/81.0.4044.122 Safari/537.36"
::1 - - [22/Mar/2021:14:45:09 +0000] "GET /api/users HTTP/1.1" 200 1462 "http://localhost:3000/admin/userlist" "Mozilla/5.0 (X11; Linux x86_64) AppleWebKit/537.36 (KHTML, like Gecko) Chrome/81.0.4044.122 Safari/537.36"
::1 - - [22/Mar/2021:14:46:45 +0000] "OPTIONS /api/users HTTP/1.1" 204 0 "http://localhost:3000/admin/userlist" "Mozilla/5.0 (X11; Linux x86_64) AppleWebKit/537.36 (KHTML, like Gecko) Chrome/81.0.4044.122 Safari/537.36"
::1 - - [22/Mar/2021:14:46:46 +0000] "GET /api/users HTTP/1.1" 304 - "http://localhost:3000/admin/userlist" "Mozilla/5.0 (X11; Linux x86_64) AppleWebKit/537.36 (KHTML, like Gecko) Chrome/81.0.4044.122 Safari/537.36"
::1 - - [22/Mar/2021:14:47:19 +0000] "OPTIONS /api/users HTTP/1.1" 204 0 "http://localhost:3000/admin/userlist" "Mozilla/5.0 (X11; Linux x86_64) AppleWebKit/537.36 (KHTML, like Gecko) Chrome/81.0.4044.122 Safari/537.36"
::1 - - [22/Mar/2021:14:47:19 +0000] "GET /api/users HTTP/1.1" 304 - "http://localhost:3000/admin/userlist" "Mozilla/5.0 (X11; Linux x86_64) AppleWebKit/537.36 (KHTML, like Gecko) Chrome/81.0.4044.122 Safari/537.36"
::1 - - [22/Mar/2021:14:47:26 +0000] "OPTIONS /api/users HTTP/1.1" 204 0 "http://localhost:3000/admin/userlist" "Mozilla/5.0 (X11; Linux x86_64) AppleWebKit/537.36 (KHTML, like Gecko) Chrome/81.0.4044.122 Safari/537.36"
::1 - - [22/Mar/2021:14:47:57 +0000] "OPTIONS /api/users/profile HTTP/1.1" 204 0 "http://localhost:3000/profile" "Mozilla/5.0 (X11; Linux x86_64) AppleWebKit/537.36 (KHTML, like Gecko) Chrome/81.0.4044.122 Safari/537.36"
::1 - - [22/Mar/2021:14:47:57 +0000] "OPTIONS /api/orders/my-orders HTTP/1.1" 204 0 "http://localhost:3000/profile" "Mozilla/5.0 (X11; Linux x86_64) AppleWebKit/537.36 (KHTML, like Gecko) Chrome/81.0.4044.122 Safari/537.36"
::1 - - [22/Mar/2021:14:47:59 +0000] "GET /api/users/profile HTTP/1.1" 304 - "http://localhost:3000/profile" "Mozilla/5.0 (X11; Linux x86_64) AppleWebKit/537.36 (KHTML, like Gecko) Chrome/81.0.4044.122 Safari/537.36"
::1 - - [22/Mar/2021:14:47:59 +0000] "GET /api/orders/my-orders HTTP/1.1" 304 - "http://localhost:3000/profile" "Mozilla/5.0 (X11; Linux x86_64) AppleWebKit/537.36 (KHTML, like Gecko) Chrome/81.0.4044.122 Safari/537.36"
::1 - - [22/Mar/2021:14:47:59 +0000] "OPTIONS /api/users HTTP/1.1" 204 0 "http://localhost:3000/admin/userlist" "Mozilla/5.0 (X11; Linux x86_64) AppleWebKit/537.36 (KHTML, like Gecko) Chrome/81.0.4044.122 Safari/537.36"
::1 - - [22/Mar/2021:14:48:00 +0000] "GET /api/users HTTP/1.1" 304 - "http://localhost:3000/admin/userlist" "Mozilla/5.0 (X11; Linux x86_64) AppleWebKit/537.36 (KHTML, like Gecko) Chrome/81.0.4044.122 Safari/537.36"
::1 - - [22/Mar/2021:14:48:02 +0000] "GET /api/products?keyword= HTTP/1.1" 304 - "http://localhost:3000/admin/productlist" "Mozilla/5.0 (X11; Linux x86_64) AppleWebKit/537.36 (KHTML, like Gecko) Chrome/81.0.4044.122 Safari/537.36"
::1 - - [22/Mar/2021:14:48:04 +0000] "GET /api/users HTTP/1.1" 304 - "http://localhost:3000/admin/userlist" "Mozilla/5.0 (X11; Linux x86_64) AppleWebKit/537.36 (KHTML, like Gecko) Chrome/81.0.4044.122 Safari/537.36"
::1 - - [22/Mar/2021:14:48:42 +0000] "OPTIONS /api/users/profile HTTP/1.1" 204 0 "http://localhost:3000/profile" "Mozilla/5.0 (X11; Linux x86_64) AppleWebKit/537.36 (KHTML, like Gecko) Chrome/81.0.4044.122 Safari/537.36"
::1 - - [22/Mar/2021:14:48:42 +0000] "OPTIONS /api/orders/my-orders HTTP/1.1" 204 0 "http://localhost:3000/profile" "Mozilla/5.0 (X11; Linux x86_64) AppleWebKit/537.36 (KHTML, like Gecko) Chrome/81.0.4044.122 Safari/537.36"
::1 - - [22/Mar/2021:14:48:43 +0000] "GET /api/users/profile HTTP/1.1" 304 - "http://localhost:3000/profile" "Mozilla/5.0 (X11; Linux x86_64) AppleWebKit/537.36 (KHTML, like Gecko) Chrome/81.0.4044.122 Safari/537.36"
::1 - - [22/Mar/2021:14:48:43 +0000] "GET /api/orders/my-orders HTTP/1.1" 304 - "http://localhost:3000/profile" "Mozilla/5.0 (X11; Linux x86_64) AppleWebKit/537.36 (KHTML, like Gecko) Chrome/81.0.4044.122 Safari/537.36"
::1 - - [22/Mar/2021:14:48:45 +0000] "GET /api/products?keyword= HTTP/1.1" 304 - "http://localhost:3000/admin/productlist" "Mozilla/5.0 (X11; Linux x86_64) AppleWebKit/537.36 (KHTML, like Gecko) Chrome/81.0.4044.122 Safari/537.36"
::1 - - [22/Mar/2021:14:48:50 +0000] "OPTIONS /api/users HTTP/1.1" 204 0 "http://localhost:3000/admin/userlist" "Mozilla/5.0 (X11; Linux x86_64) AppleWebKit/537.36 (KHTML, like Gecko) Chrome/81.0.4044.122 Safari/537.36"
::1 - - [22/Mar/2021:14:48:50 +0000] "GET /api/users HTTP/1.1" 304 - "http://localhost:3000/admin/userlist" "Mozilla/5.0 (X11; Linux x86_64) AppleWebKit/537.36 (KHTML, like Gecko) Chrome/81.0.4044.122 Safari/537.36"
::1 - - [22/Mar/2021:14:49:03 +0000] "OPTIONS /api/orders/all-orders HTTP/1.1" 204 0 "http://localhost:3000/admin/orderlist" "Mozilla/5.0 (X11; Linux x86_64) AppleWebKit/537.36 (KHTML, like Gecko) Chrome/81.0.4044.122 Safari/537.36"
::1 - - [22/Mar/2021:14:49:09 +0000] "GET /api/orders/all-orders HTTP/1.1" 304 - "http://localhost:3000/admin/orderlist" "Mozilla/5.0 (X11; Linux x86_64) AppleWebKit/537.36 (KHTML, like Gecko) Chrome/81.0.4044.122 Safari/537.36"
::1 - - [22/Mar/2021:14:49:22 +0000] "GET /api/products?keyword= HTTP/1.1" 304 - "http://localhost:3000/admin/productlist" "Mozilla/5.0 (X11; Linux x86_64) AppleWebKit/537.36 (KHTML, like Gecko) Chrome/81.0.4044.122 Safari/537.36"
::1 - - [22/Mar/2021:14:49:24 +0000] "OPTIONS /api/users/profile HTTP/1.1" 204 0 "http://localhost:3000/profile" "Mozilla/5.0 (X11; Linux x86_64) AppleWebKit/537.36 (KHTML, like Gecko) Chrome/81.0.4044.122 Safari/537.36"
::1 - - [22/Mar/2021:14:49:24 +0000] "OPTIONS /api/orders/my-orders HTTP/1.1" 204 0 "http://localhost:3000/profile" "Mozilla/5.0 (X11; Linux x86_64) AppleWebKit/537.36 (KHTML, like Gecko) Chrome/81.0.4044.122 Safari/537.36"
::1 - - [22/Mar/2021:14:49:25 +0000] "GET /api/users/profile HTTP/1.1" 304 - "http://localhost:3000/profile" "Mozilla/5.0 (X11; Linux x86_64) AppleWebKit/537.36 (KHTML, like Gecko) Chrome/81.0.4044.122 Safari/537.36"
::1 - - [22/Mar/2021:14:49:25 +0000] "GET /api/orders/my-orders HTTP/1.1" 304 - "http://localhost:3000/profile" "Mozilla/5.0 (X11; Linux x86_64) AppleWebKit/537.36 (KHTML, like Gecko) Chrome/81.0.4044.122 Safari/537.36"
::1 - - [22/Mar/2021:14:56:13 +0000] "GET /api/products/604344641bd2c060f6bb4138 HTTP/1.1" 304 - "http://localhost:3000/cart" "Mozilla/5.0 (X11; Linux x86_64) AppleWebKit/537.36 (KHTML, like Gecko) Chrome/81.0.4044.122 Safari/537.36"
::1 - - [22/Mar/2021:14:56:15 +0000] "GET /api/products/604344641bd2c060f6bb4136 HTTP/1.1" 404 49 "http://localhost:3000/cart" "Mozilla/5.0 (X11; Linux x86_64) AppleWebKit/537.36 (KHTML, like Gecko) Chrome/81.0.4044.122 Safari/537.36"
::1 - - [22/Mar/2021:14:56:19 +0000] "GET /api/products/604344641bd2c060f6bb4136 HTTP/1.1" 404 49 "http://localhost:3000/cart" "Mozilla/5.0 (X11; Linux x86_64) AppleWebKit/537.36 (KHTML, like Gecko) Chrome/81.0.4044.122 Safari/537.36"
::1 - - [22/Mar/2021:14:56:23 +0000] "GET /api/products/604344641bd2c060f6bb4137 HTTP/1.1" 304 - "http://localhost:3000/cart" "Mozilla/5.0 (X11; Linux x86_64) AppleWebKit/537.36 (KHTML, like Gecko) Chrome/81.0.4044.122 Safari/537.36"
::1 - - [22/Mar/2021:14:56:27 +0000] "GET /api/products/604344641bd2c060f6bb4137 HTTP/1.1" 304 - "http://localhost:3000/cart" "Mozilla/5.0 (X11; Linux x86_64) AppleWebKit/537.36 (KHTML, like Gecko) Chrome/81.0.4044.122 Safari/537.36"
::1 - - [22/Mar/2021:14:56:31 +0000] "OPTIONS /api/products/top HTTP/1.1" 204 0 "http://localhost:3000/" "Mozilla/5.0 (X11; Linux x86_64) AppleWebKit/537.36 (KHTML, like Gecko) Chrome/81.0.4044.122 Safari/537.36"
::1 - - [22/Mar/2021:14:56:31 +0000] "GET /api/products?keyword= HTTP/1.1" 304 - "http://localhost:3000/" "Mozilla/5.0 (X11; Linux x86_64) AppleWebKit/537.36 (KHTML, like Gecko) Chrome/81.0.4044.122 Safari/537.36"
::1 - - [22/Mar/2021:14:56:32 +0000] "GET /api/products/top HTTP/1.1" 304 - "http://localhost:3000/" "Mozilla/5.0 (X11; Linux x86_64) AppleWebKit/537.36 (KHTML, like Gecko) Chrome/81.0.4044.122 Safari/537.36"
::1 - - [22/Mar/2021:14:56:58 +0000] "OPTIONS /api/users HTTP/1.1" 204 0 "http://localhost:3000/admin/userlist" "Mozilla/5.0 (X11; Linux x86_64) AppleWebKit/537.36 (KHTML, like Gecko) Chrome/81.0.4044.122 Safari/537.36"
::1 - - [22/Mar/2021:14:56:58 +0000] "GET /api/users HTTP/1.1" 304 - "http://localhost:3000/admin/userlist" "Mozilla/5.0 (X11; Linux x86_64) AppleWebKit/537.36 (KHTML, like Gecko) Chrome/81.0.4044.122 Safari/537.36"
::1 - - [22/Mar/2021:14:57:52 +0000] "OPTIONS /api/products/top HTTP/1.1" 204 0 "http://localhost:3000/" "Mozilla/5.0 (X11; Linux x86_64) AppleWebKit/537.36 (KHTML, like Gecko) Chrome/81.0.4044.122 Safari/537.36"
::1 - - [22/Mar/2021:14:57:52 +0000] "GET /api/products?keyword= HTTP/1.1" 200 2658 "http://localhost:3000/" "Mozilla/5.0 (Linux; U; Android 4.3; en-us; SM-N900T Build/JSS15J) AppleWebKit/534.30 (KHTML, like Gecko) Version/4.0 Mobile Safari/534.30"
::1 - - [22/Mar/2021:14:57:53 +0000] "GET /api/products/top HTTP/1.1" 200 1860 "http://localhost:3000/" "Mozilla/5.0 (Linux; U; Android 4.3; en-us; SM-N900T Build/JSS15J) AppleWebKit/534.30 (KHTML, like Gecko) Version/4.0 Mobile Safari/534.30"
::1 - - [22/Mar/2021:14:59:29 +0000] "OPTIONS /api/products/top HTTP/1.1" 204 0 "http://localhost:3000/" "Mozilla/5.0 (X11; Linux x86_64) AppleWebKit/537.36 (KHTML, like Gecko) Chrome/81.0.4044.122 Safari/537.36"
::1 - - [22/Mar/2021:14:59:31 +0000] "GET /api/products?keyword= HTTP/1.1" 304 - "http://localhost:3000/" "Mozilla/5.0 (X11; Linux x86_64) AppleWebKit/537.36 (KHTML, like Gecko) Chrome/81.0.4044.122 Safari/537.36"
::1 - - [22/Mar/2021:14:59:31 +0000] "GET /api/products/top HTTP/1.1" 304 - "http://localhost:3000/" "Mozilla/5.0 (X11; Linux x86_64) AppleWebKit/537.36 (KHTML, like Gecko) Chrome/81.0.4044.122 Safari/537.36"
::1 - - [22/Mar/2021:15:02:32 +0000] "GET /api/products/604344641bd2c060f6bb4136 HTTP/1.1" 404 49 "http://localhost:3000/cart" "Mozilla/5.0 (X11; Linux x86_64) AppleWebKit/537.36 (KHTML, like Gecko) Chrome/81.0.4044.122 Safari/537.36"
::1 - - [22/Mar/2021:15:06:07 +0000] "GET /api/products?keyword= HTTP/1.1" 304 - "http://localhost:3000/" "Mozilla/5.0 (X11; Linux x86_64) AppleWebKit/537.36 (KHTML, like Gecko) Chrome/81.0.4044.122 Safari/537.36"
::1 - - [22/Mar/2021:15:06:59 +0000] "GET /api/products?keyword= HTTP/1.1" 304 - "http://localhost:3000/" "Mozilla/5.0 (X11; Linux x86_64) AppleWebKit/537.36 (KHTML, like Gecko) Chrome/81.0.4044.122 Safari/537.36"
::1 - - [22/Mar/2021:15:07:15 +0000] "GET /api/products?keyword= HTTP/1.1" 304 - "http://localhost:3000/" "Mozilla/5.0 (X11; Linux x86_64) AppleWebKit/537.36 (KHTML, like Gecko) Chrome/81.0.4044.122 Safari/537.36"
::1 - - [22/Mar/2021:15:07:49 +0000] "GET /api/products?keyword= HTTP/1.1" 304 - "http://localhost:3000/" "Mozilla/5.0 (X11; Linux x86_64) AppleWebKit/537.36 (KHTML, like Gecko) Chrome/81.0.4044.122 Safari/537.36"
::1 - - [22/Mar/2021:15:08:29 +0000] "GET /api/products?keyword= HTTP/1.1" 304 - "http://localhost:3000/" "Mozilla/5.0 (X11; Linux x86_64) AppleWebKit/537.36 (KHTML, like Gecko) Chrome/81.0.4044.122 Safari/537.36"
::1 - - [22/Mar/2021:15:09:53 +0000] "GET /api/products?keyword= HTTP/1.1" 200 2658 "http://localhost:3000/" "Mozilla/5.0 (X11; Linux x86_64) AppleWebKit/537.36 (KHTML, like Gecko) Chrome/81.0.4044.122 Safari/537.36"
::1 - - [22/Mar/2021:15:10:03 +0000] "GET /api/products?keyword= HTTP/1.1" 200 2658 "http://localhost:3000/" "Mozilla/5.0 (X11; Linux x86_64) AppleWebKit/537.36 (KHTML, like Gecko) Chrome/81.0.4044.122 Safari/537.36"
::1 - - [22/Mar/2021:15:11:49 +0000] "GET /api/products?keyword= HTTP/1.1" 200 2658 "http://localhost:3000/" "Mozilla/5.0 (X11; Linux x86_64) AppleWebKit/537.36 (KHTML, like Gecko) Chrome/81.0.4044.122 Safari/537.36"
::1 - - [22/Mar/2021:15:12:34 +0000] "GET /api/products?keyword= HTTP/1.1" 304 - "http://localhost:3000/" "Mozilla/5.0 (X11; Linux x86_64) AppleWebKit/537.36 (KHTML, like Gecko) Chrome/81.0.4044.122 Safari/537.36"
::1 - - [22/Mar/2021:15:12:35 +0000] "GET /api/products/604344641bd2c060f6bb4137 HTTP/1.1" 304 - "http://localhost:3000/product/604344641bd2c060f6bb4137" "Mozilla/5.0 (X11; Linux x86_64) AppleWebKit/537.36 (KHTML, like Gecko) Chrome/81.0.4044.122 Safari/537.36"
::1 - - [22/Mar/2021:15:12:36 +0000] "GET /api/products/604344641bd2c060f6bb4137 HTTP/1.1" 304 - "http://localhost:3000/cart/604344641bd2c060f6bb4137?qty=1" "Mozilla/5.0 (X11; Linux x86_64) AppleWebKit/537.36 (KHTML, like Gecko) Chrome/81.0.4044.122 Safari/537.36"
::1 - - [22/Mar/2021:15:12:49 +0000] "GET /api/products?keyword= HTTP/1.1" 304 - "http://localhost:3000/" "Mozilla/5.0 (X11; Linux x86_64) AppleWebKit/537.36 (KHTML, like Gecko) Chrome/81.0.4044.122 Safari/537.36"
::1 - - [22/Mar/2021:15:13:46 +0000] "GET /api/products?keyword= HTTP/1.1" 304 - "http://localhost:3000/" "Mozilla/5.0 (X11; Linux x86_64) AppleWebKit/537.36 (KHTML, like Gecko) Chrome/81.0.4044.122 Safari/537.36"
::1 - - [22/Mar/2021:15:13:47 +0000] "GET /api/products?keyword= HTTP/1.1" 304 - "http://localhost:3000/" "Mozilla/5.0 (X11; Linux x86_64) AppleWebKit/537.36 (KHTML, like Gecko) Chrome/81.0.4044.122 Safari/537.36"
::1 - - [22/Mar/2021:15:13:50 +0000] "GET /api/products?keyword= HTTP/1.1" 304 - "http://localhost:3000/" "Mozilla/5.0 (X11; Linux x86_64) AppleWebKit/537.36 (KHTML, like Gecko) Chrome/81.0.4044.122 Safari/537.36"
::1 - - [22/Mar/2021:15:13:52 +0000] "GET /api/products?keyword= HTTP/1.1" 304 - "http://localhost:3000/" "Mozilla/5.0 (X11; Linux x86_64) AppleWebKit/537.36 (KHTML, like Gecko) Chrome/81.0.4044.122 Safari/537.36"
::1 - - [22/Mar/2021:15:14:30 +0000] "OPTIONS /api/users/login HTTP/1.1" 204 0 "http://localhost:3000/login" "Mozilla/5.0 (X11; Linux x86_64) AppleWebKit/537.36 (KHTML, like Gecko) Chrome/81.0.4044.122 Safari/537.36"
::1 - - [22/Mar/2021:15:14:31 +0000] "POST /api/users/login HTTP/1.1" 200 343 "http://localhost:3000/login" "Mozilla/5.0 (X11; Linux x86_64) AppleWebKit/537.36 (KHTML, like Gecko) Chrome/81.0.4044.122 Safari/537.36"
::1 - - [22/Mar/2021:15:14:48 +0000] "GET /api/products?keyword= HTTP/1.1" 304 - "http://localhost:3000/" "Mozilla/5.0 (X11; Linux x86_64) AppleWebKit/537.36 (KHTML, like Gecko) Chrome/81.0.4044.122 Safari/537.36"
::1 - - [22/Mar/2021:15:15:23 +0000] "OPTIONS /api/users/login HTTP/1.1" 204 0 "http://localhost:3000/login" "Mozilla/5.0 (X11; Linux x86_64) AppleWebKit/537.36 (KHTML, like Gecko) Chrome/81.0.4044.122 Safari/537.36"
::1 - - [22/Mar/2021:15:15:24 +0000] "POST /api/users/login HTTP/1.1" 200 343 "http://localhost:3000/login" "Mozilla/5.0 (X11; Linux x86_64) AppleWebKit/537.36 (KHTML, like Gecko) Chrome/81.0.4044.122 Safari/537.36"
::1 - - [22/Mar/2021:15:15:24 +0000] "OPTIONS /api/products/top HTTP/1.1" 204 0 "http://localhost:3000/" "Mozilla/5.0 (X11; Linux x86_64) AppleWebKit/537.36 (KHTML, like Gecko) Chrome/81.0.4044.122 Safari/537.36"
::1 - - [22/Mar/2021:15:15:24 +0000] "GET /api/products?keyword= HTTP/1.1" 304 - "http://localhost:3000/" "Mozilla/5.0 (X11; Linux x86_64) AppleWebKit/537.36 (KHTML, like Gecko) Chrome/81.0.4044.122 Safari/537.36"
::1 - - [22/Mar/2021:15:15:24 +0000] "GET /api/products/top HTTP/1.1" 304 - "http://localhost:3000/" "Mozilla/5.0 (X11; Linux x86_64) AppleWebKit/537.36 (KHTML, like Gecko) Chrome/81.0.4044.122 Safari/537.36"
::1 - - [22/Mar/2021:15:15:51 +0000] "GET /api/products?keyword= HTTP/1.1" 304 - "http://localhost:3000/" "Mozilla/5.0 (X11; Linux x86_64) AppleWebKit/537.36 (KHTML, like Gecko) Chrome/81.0.4044.122 Safari/537.36"
